<?xml version="1.0" encoding="UTF-8"?>
<testsuite xmlns:xsi="http://www.w3.org/2001/XMLSchema-instance" xsi:noNamespaceSchemaLocation="https://maven.apache.org/surefire/maven-failsafe-plugin/xsd/failsafe-test-report-3.0.xsd" version="3.0" name="starter.cucumberTestSuite" time="37.911" tests="1" errors="0" skipped="0" failures="0">
  <properties>
[...]
</properties>
  <testcase name="buy product without register first" classname="Order #2" time="32.926">
    <system-out><![CDATA[22:09:59.835 [main] INFO io.cucumber.core.plugin.SerenityReporter - Running feature from file:///D:/PERKULIAHAN/Semester%206,Hebatt%20glad!/Altera/QE_Gladys-Cindana-Asri-Pardosi/Mini-Project/Web/src/test/resources/features/login.feature
22:10:00.085 [main] INFO  - 

-------------------------------------------------------------------------------------
     _______. _______ .______       _______ .__   __.  __  .___________.____    ____ 
    /       ||   ____||   _  \     |   ____||  \ |  | |  | |           |\   \  /   / 
   |   (----`|  |__   |  |_)  |    |  |__   |   \|  | |  | `---|  |----` \   \/   /  
    \   \    |   __|  |      /     |   __|  |  . `  | |  |     |  |       \_    _/   
.----)   |   |  |____ |  |\  \----.|  |____ |  |\   | |  |     |  |         |  |     
|_______/    |_______|| _| `._____||_______||__| \__| |__|     |__|         |__|    
                                                                                     
 News and tutorials at http://www.serenity-bdd.info                                  
 Documentation at https://wakaleo.gitbooks.io/the-serenity-book/content/             
 Join the Serenity Community on Gitter: https://gitter.im/serenity-bdd/serenity-core 
 Serenity BDD Support and Training at http://serenity-bdd.info/#/trainingandsupport  
-------------------------------------------------------------------------------------

22:10:00.085 [main] DEBUG net.thucydides.core.steps.StepEventBus - Test suite started for story net.thucydides.core.model.Story@f388ff28
22:10:00.085 [main] INFO  - Test Suite Started: Login
22:10:00.101 [main] INFO io.cucumber.core.plugin.SerenityReporter - Running feature from file:///D:/PERKULIAHAN/Semester%206,Hebatt%20glad!/Altera/QE_Gladys-Cindana-Asri-Pardosi/Mini-Project/Web/src/test/resources/features/order.feature
22:10:00.116 [main] DEBUG net.thucydides.core.steps.StepEventBus - Test suite started for story net.thucydides.core.model.Story@9cac46c8
22:10:00.116 [main] INFO  - Test Suite Started: Order
22:10:00.116 [main] INFO io.cucumber.core.plugin.SerenityReporter - Running feature from file:///D:/PERKULIAHAN/Semester%206,Hebatt%20glad!/Altera/QE_Gladys-Cindana-Asri-Pardosi/Mini-Project/Web/src/test/resources/features/register.feature
22:10:00.116 [main] DEBUG net.thucydides.core.steps.StepEventBus - Test suite started for story net.thucydides.core.model.Story@9f729512
22:10:00.116 [main] INFO  - Test Suite Started: Registration
22:10:00.116 [main] INFO io.cucumber.core.plugin.SerenityReporter - Running feature from file:///D:/PERKULIAHAN/Semester%206,Hebatt%20glad!/Altera/QE_Gladys-Cindana-Asri-Pardosi/Mini-Project/Web/src/test/resources/features/transaction.feature
22:10:00.132 [main] DEBUG net.thucydides.core.steps.StepEventBus - Test suite started for story net.thucydides.core.model.Story@c9ff0258
22:10:00.132 [main] INFO  - Test Suite Started: Order
22:10:00.132 [main] INFO io.cucumber.core.plugin.SerenityReporter - Running feature from file:///D:/PERKULIAHAN/Semester%206,Hebatt%20glad!/Altera/QE_Gladys-Cindana-Asri-Pardosi/Mini-Project/Web/src/test/resources/features/transaction.feature
22:10:00.132 [main] DEBUG net.thucydides.core.steps.StepEventBus - Test suite started for story net.thucydides.core.model.Story@c9ff0258
22:10:00.132 [main] INFO  - Test Suite Started: Order

@transwithoutRegister
Scenario: buy product without register first &amp#27;[90m# src/test/resources/features/transaction.feature:24&amp#27;[0m
22:10:00.288 [main] INFO io.cucumber.core.plugin.SerenityReporter - Running feature from file:///D:/PERKULIAHAN/Semester%206,Hebatt%20glad!/Altera/QE_Gladys-Cindana-Asri-Pardosi/Mini-Project/Web/src/test/resources/features/transaction.feature
22:10:00.382 [main] INFO  - 
  _____   ___   ___   _____     ___   _____     _     ___   _____   ___   ___  
 |_   _| | __| / __| |_   _|   / __| |_   _|   /_\   | _ \ |_   _| | __| |   \ 
   | |   | _|  \__ \   | |     \__ \   | |    / _ \  |   /   | |   | _|  | |) |
   |_|   |___| |___/   |_|     |___/   |_|   /_/ \_\ |_|_\   |_|   |___| |___/ 

buy product without register first(order;buy-product-without-register-first)
--------------------------------------------------------------------------------
22:10:00.743 [main] INFO net.serenitybdd.core.webdriver.driverproviders.ChromeDriverProvider - Using automatically driver download
22:10:01.768 [main] DEBUG io.github.bonigarcia.wdm.cache.ResolutionCache - Resolution chrome=100 in cache (valid until 22:42:04 05/05/2022 WIB)
22:10:01.831 [main] DEBUG io.github.bonigarcia.wdm.cache.ResolutionCache - Resolution chrome100=100.0.4896.60 in cache (valid until 14:20:26 06/05/2022 WIB)
22:10:01.862 [main] INFO io.github.bonigarcia.wdm.WebDriverManager - Using chromedriver 100.0.4896.60 (resolved driver for Chrome 100)
22:10:01.893 [main] DEBUG io.github.bonigarcia.wdm.WebDriverManager - Driver chromedriver 100.0.4896.60 found in cache
22:10:01.893 [main] INFO io.github.bonigarcia.wdm.WebDriverManager - Exporting webdriver.chrome.driver as C:\Users\ASUS\.cache\selenium\chromedriver\win32\100.0.4896.60\chromedriver.exe
22:10:02.582 [main] DEBUG net.thucydides.core.reflection.ClassFinder - Could not load class .starter.cucumberTestSuite
22:10:02.582 [main] DEBUG net.thucydides.core.reflection.ClassFinder - Could not load class .starter.pages.HomePage
22:10:02.582 [main] DEBUG net.thucydides.core.reflection.ClassFinder - Could not load class .starter.pages.LoginPage
22:10:02.582 [main] DEBUG net.thucydides.core.reflection.ClassFinder - Could not load class .starter.pages.OrderPage
22:10:02.582 [main] DEBUG net.thucydides.core.reflection.ClassFinder - Could not load class .starter.pages.RegisterPage
22:10:02.582 [main] DEBUG net.thucydides.core.reflection.ClassFinder - Could not load class .starter.pages.TransactionPage
22:10:02.582 [main] DEBUG net.thucydides.core.reflection.ClassFinder - Could not load class .starter.stepdefinitions.orderStep
22:10:02.582 [main] DEBUG net.thucydides.core.reflection.ClassFinder - Could not load class .starter.stepdefinitions.registerStep
22:10:02.582 [main] DEBUG net.thucydides.core.reflection.ClassFinder - Could not load class .starter.stepdefinitions.stepdefinition
22:10:02.582 [main] DEBUG net.thucydides.core.reflection.ClassFinder - Could not load class .starter.stepdefinitions.transStep
22:10:02.582 [main] DEBUG net.thucydides.core.reflection.ClassFinder - Could not load class .utils.General
22:10:02.582 [main] DEBUG net.thucydides.core.reflection.ClassFinder - Could not load class META-INF.versions.9.com.sun.istack.logging.StackHelper
22:10:02.582 [main] DEBUG net.thucydides.core.reflection.ClassFinder - Could not load class META-INF.versions.9.com.sun.xml.bind.v2.runtime.reflect.opt.AccessorInjector
22:10:02.582 [main] DEBUG net.thucydides.core.reflection.ClassFinder - Could not load class META-INF.versions.9.com.sun.xml.bind.v2.runtime.reflect.opt.Injector
22:10:02.582 [main] DEBUG net.thucydides.core.reflection.ClassFinder - Could not load class META-INF.versions.9.com.sun.xml.bind.v2.runtime.reflect.opt.OptimizedAccessorFactory
22:10:02.582 [main] DEBUG net.thucydides.core.reflection.ClassFinder - Could not load class META-INF.versions.9.com.sun.xml.bind.v2.runtime.reflect.opt.OptimizedTransducedAccessorFactory
22:10:02.582 [main] DEBUG net.thucydides.core.reflection.ClassFinder - Could not load class META-INF.versions.9.io.opentelemetry.sdk.internal.CurrentJavaVersionSpecific
22:10:02.582 [main] DEBUG net.thucydides.core.reflection.ClassFinder - Could not load class META-INF.versions.9.io.opentelemetry.sdk.internal.Java9VersionSpecific
22:10:02.582 [main] DEBUG net.thucydides.core.reflection.ClassFinder - Could not load class META-INF.versions.9.javax.xml.bind.ModuleUtil
22:10:02.582 [main] DEBUG net.thucydides.core.reflection.ClassFinder - Could not load class META-INF.versions.9.module-info
22:10:02.582 [main] DEBUG net.thucydides.core.reflection.ClassFinder - Could not load class META-INF.versions.9.org.junit.platform.commons.util.ModuleUtils
22:10:02.926 [main] DEBUG net.thucydides.core.reflection.ClassFinder - Could not load class com.google.gson.internal.
22:10:03.129 [main] DEBUG net.thucydides.core.reflection.ClassFinder - Could not load class com.sun.xml.bind.v2.runtime.output.FastInfosetStreamWriterOutput
22:10:03.614 [main] DEBUG net.thucydides.core.reflection.ClassFinder - Could not load class module-info
22:10:06.744 [main] DEBUG io.netty.util.internal.logging.InternalLoggerFactory - Using SLF4J as the default logging framework
22:10:06.760 [main] DEBUG io.netty.util.ResourceLeakDetector - -Dio.netty.leakDetection.level: simple
22:10:06.760 [main] DEBUG io.netty.util.ResourceLeakDetector - -Dio.netty.leakDetection.targetRecords: 4
22:10:06.760 [main] DEBUG io.netty.util.ResourceLeakDetectorFactory - Loaded default ResourceLeakDetector: io.netty.util.ResourceLeakDetector@68628510
22:10:06.776 [main] DEBUG io.netty.util.internal.PlatformDependent0 - -Dio.netty.noUnsafe: false
22:10:06.776 [main] DEBUG io.netty.util.internal.PlatformDependent0 - Java version: 15
22:10:06.776 [main] DEBUG io.netty.util.internal.PlatformDependent0 - sun.misc.Unsafe.theUnsafe: available
22:10:06.776 [main] DEBUG io.netty.util.internal.PlatformDependent0 - sun.misc.Unsafe.copyMemory: available
22:10:06.776 [main] DEBUG io.netty.util.internal.PlatformDependent0 - java.nio.Buffer.address: available
22:10:06.776 [main] DEBUG io.netty.util.internal.PlatformDependent0 - direct buffer constructor: unavailable: Reflective setAccessible(true) disabled
22:10:06.776 [main] DEBUG io.netty.util.internal.PlatformDependent0 - java.nio.Bits.unaligned: available, true
22:10:06.776 [main] DEBUG io.netty.util.internal.PlatformDependent0 - jdk.internal.misc.Unsafe.allocateUninitializedArray(int): unavailable: class io.netty.util.internal.PlatformDependent0$6 cannot access class jdk.internal.misc.Unsafe (in module java.base) because module java.base does not export jdk.internal.misc to unnamed module @750fe12e
22:10:06.776 [main] DEBUG io.netty.util.internal.PlatformDependent0 - java.nio.DirectByteBuffer.<init>(long, int): unavailable
22:10:06.776 [main] DEBUG io.netty.util.internal.PlatformDependent - sun.misc.Unsafe: available
22:10:06.776 [main] DEBUG io.netty.util.internal.PlatformDependent - maxDirectMemory: 2671771648 bytes (maybe)
22:10:06.776 [main] DEBUG io.netty.util.internal.PlatformDependent - -Dio.netty.tmpdir: C:\Users\ASUS\AppData\Local\Temp (java.io.tmpdir)
22:10:06.776 [main] DEBUG io.netty.util.internal.PlatformDependent - -Dio.netty.bitMode: 64 (sun.arch.data.model)
22:10:06.776 [main] DEBUG io.netty.util.internal.PlatformDependent - Platform: Windows
22:10:06.776 [main] DEBUG io.netty.util.internal.PlatformDependent - -Dio.netty.maxDirectMemory: -1 bytes
22:10:06.776 [main] DEBUG io.netty.util.internal.PlatformDependent - -Dio.netty.uninitializedArrayAllocationThreshold: -1
22:10:06.776 [main] DEBUG io.netty.util.internal.CleanerJava9 - java.nio.ByteBuffer.cleaner(): available
22:10:06.776 [main] DEBUG io.netty.util.internal.PlatformDependent - -Dio.netty.noPreferDirect: false
22:10:06.791 [main] DEBUG io.netty.util.internal.PlatformDependent - org.jctools-core.MpscChunkedArrayQueue: available
22:10:06.807 [main] DEBUG io.netty.util.internal.InternalThreadLocalMap - -Dio.netty.threadLocalMap.stringBuilder.initialSize: 1024
22:10:06.807 [main] DEBUG io.netty.util.internal.InternalThreadLocalMap - -Dio.netty.threadLocalMap.stringBuilder.maxSize: 4096
22:10:06.869 [main] DEBUG io.netty.handler.ssl.JdkSslContext - Default protocols (JDK): [TLSv1.3, TLSv1.2, TLSv1.1, TLSv1] 
22:10:06.869 [main] DEBUG io.netty.handler.ssl.JdkSslContext - Default cipher suites (JDK): [TLS_ECDHE_ECDSA_WITH_AES_256_GCM_SHA384, TLS_ECDHE_ECDSA_WITH_AES_128_GCM_SHA256, TLS_ECDHE_RSA_WITH_AES_128_GCM_SHA256, TLS_ECDHE_RSA_WITH_AES_256_GCM_SHA384, TLS_ECDHE_RSA_WITH_AES_128_CBC_SHA, TLS_ECDHE_RSA_WITH_AES_256_CBC_SHA, TLS_RSA_WITH_AES_128_GCM_SHA256, TLS_RSA_WITH_AES_128_CBC_SHA, TLS_RSA_WITH_AES_256_CBC_SHA, TLS_AES_128_GCM_SHA256, TLS_AES_256_GCM_SHA384]
22:10:06.905 [main] DEBUG io.netty.channel.MultithreadEventLoopGroup - -Dio.netty.eventLoopThreads: 16
22:10:06.920 [main] DEBUG io.netty.channel.nio.NioEventLoop - -Dio.netty.noKeySetOptimization: false
22:10:06.920 [main] DEBUG io.netty.channel.nio.NioEventLoop - -Dio.netty.selectorAutoRebuildThreshold: 512
22:10:06.999 [main] DEBUG io.netty.buffer.PooledByteBufAllocator - -Dio.netty.allocator.numHeapArenas: 16
22:10:06.999 [main] DEBUG io.netty.buffer.PooledByteBufAllocator - -Dio.netty.allocator.numDirectArenas: 16
22:10:06.999 [main] DEBUG io.netty.buffer.PooledByteBufAllocator - -Dio.netty.allocator.pageSize: 8192
22:10:06.999 [main] DEBUG io.netty.buffer.PooledByteBufAllocator - -Dio.netty.allocator.maxOrder: 11
22:10:06.999 [main] DEBUG io.netty.buffer.PooledByteBufAllocator - -Dio.netty.allocator.chunkSize: 16777216
22:10:06.999 [main] DEBUG io.netty.buffer.PooledByteBufAllocator - -Dio.netty.allocator.smallCacheSize: 256
22:10:06.999 [main] DEBUG io.netty.buffer.PooledByteBufAllocator - -Dio.netty.allocator.normalCacheSize: 64
22:10:06.999 [main] DEBUG io.netty.buffer.PooledByteBufAllocator - -Dio.netty.allocator.maxCachedBufferCapacity: 32768
22:10:06.999 [main] DEBUG io.netty.buffer.PooledByteBufAllocator - -Dio.netty.allocator.cacheTrimInterval: 8192
22:10:06.999 [main] DEBUG io.netty.buffer.PooledByteBufAllocator - -Dio.netty.allocator.cacheTrimIntervalMillis: 0
22:10:06.999 [main] DEBUG io.netty.buffer.PooledByteBufAllocator - -Dio.netty.allocator.useCacheForAllThreads: true
22:10:06.999 [main] DEBUG io.netty.buffer.PooledByteBufAllocator - -Dio.netty.allocator.maxCachedByteBuffersPerChunk: 1023
22:10:06.999 [main] DEBUG io.netty.buffer.ByteBufUtil - -Dio.netty.allocator.type: pooled
22:10:06.999 [main] DEBUG io.netty.buffer.ByteBufUtil - -Dio.netty.threadLocalDirectBufferSize: 0
22:10:06.999 [main] DEBUG io.netty.buffer.ByteBufUtil - -Dio.netty.maxThreadLocalCharBufferSize: 16384
22:10:07.206 [main] DEBUG net.serenitybdd.core.webdriver.driverproviders.ProvideNewDriver - Instantiating driver
22:10:07.206 [main] DEBUG net.serenitybdd.core.webdriver.driverproviders.ProvideNewDriver - Driver capabilities: Capabilities {acceptInsecureCerts: false, base.url: , browserName: chrome, goog:chromeOptions: {args: [], extensions: []}}
22:10:07.950 [Forwarding newSession on session null to remote] DEBUG io.netty.channel.DefaultChannelId - -Dio.netty.processId: 34284 (auto-detected)
22:10:07.950 [Forwarding newSession on session null to remote] DEBUG io.netty.util.NetUtil - -Djava.net.preferIPv4Stack: false
22:10:07.950 [Forwarding newSession on session null to remote] DEBUG io.netty.util.NetUtil - -Djava.net.preferIPv6Addresses: false
22:10:07.966 [Forwarding newSession on session null to remote] DEBUG io.netty.util.NetUtilInitializations - Loopback interface: lo (Software Loopback Interface 1, 127.0.0.1)
22:10:07.966 [Forwarding newSession on session null to remote] DEBUG io.netty.util.NetUtil - Failed to get SOMAXCONN from sysctl and file \proc\sys\net\core\somaxconn. Default: 200
22:10:07.981 [Forwarding newSession on session null to remote] DEBUG io.netty.channel.DefaultChannelId - -Dio.netty.machineId: 04:ea:56:ff:fe:54:1b:1e (auto-detected)
22:10:08.055 [AsyncHttpClient-1-2] DEBUG io.netty.buffer.AbstractByteBuf - -Dio.netty.buffer.checkAccessible: true
22:10:08.055 [AsyncHttpClient-1-2] DEBUG io.netty.buffer.AbstractByteBuf - -Dio.netty.buffer.checkBounds: true
22:10:08.055 [AsyncHttpClient-1-2] DEBUG io.netty.util.ResourceLeakDetectorFactory - Loaded default ResourceLeakDetector: io.netty.util.ResourceLeakDetector@30c27e0a
22:10:08.055 [AsyncHttpClient-1-2] DEBUG org.asynchttpclient.netty.channel.NettyConnectListener - Using new Channel '[id: 0x57c199bc, L:/127.0.0.1:53005 - R:localhost/127.0.0.1:61017]' for 'POST' to '/session'
22:10:08.086 [AsyncHttpClient-1-2] DEBUG io.netty.util.Recycler - -Dio.netty.recycler.maxCapacityPerThread: 4096
22:10:08.086 [AsyncHttpClient-1-2] DEBUG io.netty.util.Recycler - -Dio.netty.recycler.ratio: 8
22:10:08.086 [AsyncHttpClient-1-2] DEBUG io.netty.util.Recycler - -Dio.netty.recycler.chunkSize: 32
22:10:08.086 [AsyncHttpClient-1-2] DEBUG io.netty.util.Recycler - -Dio.netty.recycler.blocking: false
22:10:09.004 [AsyncHttpClient-1-2] DEBUG io.netty.handler.codec.compression.Brotli - brotli4j not in the classpath; Brotli support will be unavailable.
22:10:09.004 [AsyncHttpClient-1-2] DEBUG org.asynchttpclient.netty.handler.HttpHandler - 

Request DefaultHttpRequest(decodeResult: success, version: HTTP/1.1)
POST /session HTTP/1.1
User-Agent: selenium/4.1.2 (java windows)
Content-Length: 457
Content-Type: application/json; charset=utf-8
host: localhost:61017
accept: */*

Response DefaultHttpResponse(decodeResult: success, version: HTTP/1.1)
HTTP/1.1 200 OK
Content-Type: application/json; charset=utf-8
cache-control: no-cache
content-length: 790

22:10:09.020 [AsyncHttpClient-1-2] DEBUG org.asynchttpclient.netty.channel.ChannelManager - Adding key: http://localhost:61017 for channel [id: 0x57c199bc, L:/127.0.0.1:53005 - R:localhost/127.0.0.1:61017]
22:10:09.067 [AsyncHttpClient-1-3] DEBUG org.asynchttpclient.netty.channel.NettyConnectListener - Using new Channel '[id: 0x96a79f1b, L:/127.0.0.1:53015 - R:localhost/127.0.0.1:53007]' for 'GET' to '/json/version'
22:10:09.083 [AsyncHttpClient-1-3] DEBUG org.asynchttpclient.netty.handler.HttpHandler - 

Request DefaultFullHttpRequest(decodeResult: success, version: HTTP/1.1, content: EmptyByteBufBE)
GET /json/version HTTP/1.1
User-Agent: selenium/4.1.2 (java windows)
host: localhost:53007
accept: */*

Response DefaultHttpResponse(decodeResult: success, version: HTTP/1.1)
HTTP/1.1 200 OK
Content-Type: application/json; charset=UTF-8
content-length: 429

22:10:09.083 [AsyncHttpClient-1-3] DEBUG org.asynchttpclient.netty.channel.ChannelManager - Adding key: http://localhost:53007 for channel [id: 0x96a79f1b, L:/127.0.0.1:53015 - R:localhost/127.0.0.1:53007]
22:10:09.083 [main] DEBUG io.netty.util.internal.ThreadLocalRandom - -Dio.netty.initialSeedUniquifier: 0xbfd312c3342939f4
22:10:09.099 [AsyncHttpClient-1-4] DEBUG org.asynchttpclient.netty.channel.NettyConnectListener - Using new Channel '[id: 0x6f53d6a0, L:/127.0.0.1:53016 - R:localhost/127.0.0.1:53007]' for 'GET' to '/devtools/browser/0ad0425b-3b99-4d13-990f-1175545cbba2'
22:10:09.102 [AsyncHttpClient-1-4] DEBUG org.asynchttpclient.netty.handler.WebSocketHandler - 

Request DefaultFullHttpRequest(decodeResult: success, version: HTTP/1.1, content: EmptyByteBufBE)
GET /devtools/browser/0ad0425b-3b99-4d13-990f-1175545cbba2 HTTP/1.1
upgrade: websocket
connection: upgrade
sec-websocket-key: 0hy5sBPz0mCv0LXREff47w==
sec-websocket-version: 13
origin: http://localhost:53007
host: localhost:53007
accept: */*
user-agent: AHC/2.1

Response DefaultHttpResponse(decodeResult: success, version: HTTP/1.1)
HTTP/1.1 101 WebSocket Protocol Handshake
Upgrade: WebSocket
Connection: Upgrade
Sec-WebSocket-Accept: /kuCkuec0OQMOz5eQ8P/VTD7MBQ=

22:10:09.682 [main] DEBUG net.thucydides.core.reflection.ClassFinder - Could not load class .starter.cucumberTestSuite
22:10:09.682 [main] DEBUG net.thucydides.core.reflection.ClassFinder - Could not load class .starter.pages.HomePage
22:10:09.682 [main] DEBUG net.thucydides.core.reflection.ClassFinder - Could not load class .starter.pages.LoginPage
22:10:09.682 [main] DEBUG net.thucydides.core.reflection.ClassFinder - Could not load class .starter.pages.OrderPage
22:10:09.682 [main] DEBUG net.thucydides.core.reflection.ClassFinder - Could not load class .starter.pages.RegisterPage
22:10:09.683 [main] DEBUG net.thucydides.core.reflection.ClassFinder - Could not load class .starter.pages.TransactionPage
22:10:09.683 [main] DEBUG net.thucydides.core.reflection.ClassFinder - Could not load class .starter.stepdefinitions.orderStep
22:10:09.683 [main] DEBUG net.thucydides.core.reflection.ClassFinder - Could not load class .starter.stepdefinitions.registerStep
22:10:09.683 [main] DEBUG net.thucydides.core.reflection.ClassFinder - Could not load class .starter.stepdefinitions.stepdefinition
22:10:09.683 [main] DEBUG net.thucydides.core.reflection.ClassFinder - Could not load class .starter.stepdefinitions.transStep
22:10:09.683 [main] DEBUG net.thucydides.core.reflection.ClassFinder - Could not load class .utils.General
22:10:09.684 [main] DEBUG net.thucydides.core.reflection.ClassFinder - Could not load class META-INF.versions.9.com.sun.istack.logging.StackHelper
22:10:09.685 [main] DEBUG net.thucydides.core.reflection.ClassFinder - Could not load class META-INF.versions.9.com.sun.xml.bind.v2.runtime.reflect.opt.AccessorInjector
22:10:09.685 [main] DEBUG net.thucydides.core.reflection.ClassFinder - Could not load class META-INF.versions.9.com.sun.xml.bind.v2.runtime.reflect.opt.Injector
22:10:09.685 [main] DEBUG net.thucydides.core.reflection.ClassFinder - Could not load class META-INF.versions.9.com.sun.xml.bind.v2.runtime.reflect.opt.OptimizedAccessorFactory
22:10:09.685 [main] DEBUG net.thucydides.core.reflection.ClassFinder - Could not load class META-INF.versions.9.com.sun.xml.bind.v2.runtime.reflect.opt.OptimizedTransducedAccessorFactory
22:10:09.685 [main] DEBUG net.thucydides.core.reflection.ClassFinder - Could not load class META-INF.versions.9.io.opentelemetry.sdk.internal.CurrentJavaVersionSpecific
22:10:09.685 [main] DEBUG net.thucydides.core.reflection.ClassFinder - Could not load class META-INF.versions.9.io.opentelemetry.sdk.internal.Java9VersionSpecific
22:10:09.685 [main] DEBUG net.thucydides.core.reflection.ClassFinder - Could not load class META-INF.versions.9.javax.xml.bind.ModuleUtil
22:10:09.685 [main] DEBUG net.thucydides.core.reflection.ClassFinder - Could not load class META-INF.versions.9.module-info
22:10:09.685 [main] DEBUG net.thucydides.core.reflection.ClassFinder - Could not load class META-INF.versions.9.org.junit.platform.commons.util.ModuleUtils
22:10:09.685 [main] DEBUG net.thucydides.core.reflection.ClassFinder - Could not load class com.google.gson.internal.
22:10:09.685 [main] DEBUG net.thucydides.core.reflection.ClassFinder - Could not load class com.sun.xml.bind.v2.runtime.output.FastInfosetStreamWriterOutput
22:10:09.685 [main] DEBUG net.thucydides.core.reflection.ClassFinder - Could not load class module-info
22:10:09.716 [Forwarding get on session f2346aad5862ff59a3bdcc8f9874999b to remote] DEBUG org.asynchttpclient.netty.request.NettyRequestSender - Using pooled Channel '[id: 0x57c199bc, L:/127.0.0.1:53005 - R:localhost/127.0.0.1:61017]' for 'POST' to 'http://localhost:61017/session/f2346aad5862ff59a3bdcc8f9874999b/url'
22:10:09.716 [Forwarding get on session f2346aad5862ff59a3bdcc8f9874999b to remote] DEBUG org.asynchttpclient.netty.request.NettyRequestSender - Using open Channel [id: 0x57c199bc, L:/127.0.0.1:53005 - R:localhost/127.0.0.1:61017] for POST '/session/f2346aad5862ff59a3bdcc8f9874999b/url'
22:10:10.107 [AsyncHttpClient-1-1] DEBUG org.asynchttpclient.netty.channel.DefaultChannelPool - Entry count for : http://localhost:53007 : 1
22:10:11.202 [AsyncHttpClient-1-1] DEBUG org.asynchttpclient.netty.channel.DefaultChannelPool - Entry count for : http://localhost:53007 : 1
22:10:12.307 [AsyncHttpClient-1-1] DEBUG org.asynchttpclient.netty.channel.DefaultChannelPool - Entry count for : http://localhost:53007 : 1
22:10:13.404 [AsyncHttpClient-1-1] DEBUG org.asynchttpclient.netty.channel.DefaultChannelPool - Entry count for : http://localhost:53007 : 1
22:10:14.502 [AsyncHttpClient-1-1] DEBUG org.asynchttpclient.netty.channel.DefaultChannelPool - Entry count for : http://localhost:53007 : 1
22:10:15.610 [AsyncHttpClient-1-1] DEBUG org.asynchttpclient.netty.channel.DefaultChannelPool - Entry count for : http://localhost:53007 : 1
22:10:16.712 [AsyncHttpClient-1-1] DEBUG org.asynchttpclient.netty.channel.DefaultChannelPool - Entry count for : http://localhost:53007 : 1
22:10:17.807 [AsyncHttpClient-1-1] DEBUG org.asynchttpclient.netty.channel.DefaultChannelPool - Entry count for : http://localhost:53007 : 1
22:10:18.904 [AsyncHttpClient-1-1] DEBUG org.asynchttpclient.netty.channel.DefaultChannelPool - Entry count for : http://localhost:53007 : 1
22:10:20.006 [AsyncHttpClient-1-1] DEBUG org.asynchttpclient.netty.channel.DefaultChannelPool - Entry count for : http://localhost:53007 : 1
22:10:21.103 [AsyncHttpClient-1-1] DEBUG org.asynchttpclient.netty.channel.DefaultChannelPool - Entry count for : http://localhost:53007 : 1
22:10:22.202 [AsyncHttpClient-1-1] DEBUG org.asynchttpclient.netty.channel.DefaultChannelPool - Entry count for : http://localhost:53007 : 1
22:10:23.306 [AsyncHttpClient-1-1] DEBUG org.asynchttpclient.netty.channel.DefaultChannelPool - Entry count for : http://localhost:53007 : 1
22:10:24.403 [AsyncHttpClient-1-1] DEBUG org.asynchttpclient.netty.channel.DefaultChannelPool - Entry count for : http://localhost:53007 : 1
22:10:25.505 [AsyncHttpClient-1-1] DEBUG org.asynchttpclient.netty.channel.DefaultChannelPool - Entry count for : http://localhost:53007 : 1
22:10:26.605 [AsyncHttpClient-1-1] DEBUG org.asynchttpclient.netty.channel.DefaultChannelPool - Entry count for : http://localhost:53007 : 1
22:10:27.703 [AsyncHttpClient-1-1] DEBUG org.asynchttpclient.netty.channel.DefaultChannelPool - Entry count for : http://localhost:53007 : 1
22:10:28.266 [AsyncHttpClient-1-2] DEBUG org.asynchttpclient.netty.handler.HttpHandler - 

Request DefaultHttpRequest(decodeResult: success, version: HTTP/1.1)
POST /session/f2346aad5862ff59a3bdcc8f9874999b/url HTTP/1.1
User-Agent: selenium/4.1.2 (java windows)
Content-Length: 49
Content-Type: application/json; charset=utf-8
host: localhost:61017
accept: */*

Response DefaultHttpResponse(decodeResult: success, version: HTTP/1.1)
HTTP/1.1 200 OK
Content-Type: application/json; charset=utf-8
cache-control: no-cache
content-length: 14

22:10:28.267 [AsyncHttpClient-1-2] DEBUG org.asynchttpclient.netty.channel.ChannelManager - Adding key: http://localhost:61017 for channel [id: 0x57c199bc, L:/127.0.0.1:53005 - R:localhost/127.0.0.1:61017]
22:10:28.275 [Forwarding setTimeout on session f2346aad5862ff59a3bdcc8f9874999b to remote] DEBUG org.asynchttpclient.netty.request.NettyRequestSender - Using pooled Channel '[id: 0x57c199bc, L:/127.0.0.1:53005 - R:localhost/127.0.0.1:61017]' for 'POST' to 'http://localhost:61017/session/f2346aad5862ff59a3bdcc8f9874999b/timeouts'
22:10:28.275 [Forwarding setTimeout on session f2346aad5862ff59a3bdcc8f9874999b to remote] DEBUG org.asynchttpclient.netty.request.NettyRequestSender - Using open Channel [id: 0x57c199bc, L:/127.0.0.1:53005 - R:localhost/127.0.0.1:61017] for POST '/session/f2346aad5862ff59a3bdcc8f9874999b/timeouts'
22:10:28.276 [AsyncHttpClient-1-2] DEBUG org.asynchttpclient.netty.handler.HttpHandler - 

Request DefaultHttpRequest(decodeResult: success, version: HTTP/1.1)
POST /session/f2346aad5862ff59a3bdcc8f9874999b/timeouts HTTP/1.1
User-Agent: selenium/4.1.2 (java windows)
Content-Length: 22
Content-Type: application/json; charset=utf-8
host: localhost:61017
accept: */*

Response DefaultHttpResponse(decodeResult: success, version: HTTP/1.1)
HTTP/1.1 200 OK
Content-Type: application/json; charset=utf-8
cache-control: no-cache
content-length: 14

22:10:28.276 [AsyncHttpClient-1-2] DEBUG org.asynchttpclient.netty.channel.ChannelManager - Adding key: http://localhost:61017 for channel [id: 0x57c199bc, L:/127.0.0.1:53005 - R:localhost/127.0.0.1:61017]
22:10:28.282 [Forwarding getCurrentUrl on session f2346aad5862ff59a3bdcc8f9874999b to remote] DEBUG org.asynchttpclient.netty.request.NettyRequestSender - Using pooled Channel '[id: 0x57c199bc, L:/127.0.0.1:53005 - R:localhost/127.0.0.1:61017]' for 'GET' to 'http://localhost:61017/session/f2346aad5862ff59a3bdcc8f9874999b/url'
22:10:28.282 [Forwarding getCurrentUrl on session f2346aad5862ff59a3bdcc8f9874999b to remote] DEBUG org.asynchttpclient.netty.request.NettyRequestSender - Using open Channel [id: 0x57c199bc, L:/127.0.0.1:53005 - R:localhost/127.0.0.1:61017] for GET '/session/f2346aad5862ff59a3bdcc8f9874999b/url'
22:10:28.302 [AsyncHttpClient-1-2] DEBUG org.asynchttpclient.netty.handler.HttpHandler - 

Request DefaultFullHttpRequest(decodeResult: success, version: HTTP/1.1, content: EmptyByteBufBE)
GET /session/f2346aad5862ff59a3bdcc8f9874999b/url HTTP/1.1
User-Agent: selenium/4.1.2 (java windows)
Cache-Control: no-cache
Content-Type: application/json; charset=utf-8
host: localhost:61017
accept: */*

Response DefaultHttpResponse(decodeResult: success, version: HTTP/1.1)
HTTP/1.1 200 OK
Content-Type: application/json; charset=utf-8
cache-control: no-cache
content-length: 31

22:10:28.303 [AsyncHttpClient-1-2] DEBUG org.asynchttpclient.netty.channel.ChannelManager - Adding key: http://localhost:61017 for channel [id: 0x57c199bc, L:/127.0.0.1:53005 - R:localhost/127.0.0.1:61017]
  &amp#27;[32mGiven &amp#27;[0m&amp#27;[32mi am on home page&amp#27;[0m                    &amp#27;[90m# starter.stepdefinitions.orderStep.iAmOnHomePage()&amp#27;[0m
22:10:28.314 [main] DEBUG net.serenitybdd.core.photography.Darkroom - Opening darkroom
22:10:28.314 [Darkroom Processing Line] DEBUG net.serenitybdd.core.photography.DarkroomProcessingLine - Darkroom processing line starting up
22:10:28.314 [Forwarding screenshot on session f2346aad5862ff59a3bdcc8f9874999b to remote] DEBUG org.asynchttpclient.netty.request.NettyRequestSender - Using pooled Channel '[id: 0x57c199bc, L:/127.0.0.1:53005 - R:localhost/127.0.0.1:61017]' for 'GET' to 'http://localhost:61017/session/f2346aad5862ff59a3bdcc8f9874999b/screenshot'
22:10:28.314 [Forwarding screenshot on session f2346aad5862ff59a3bdcc8f9874999b to remote] DEBUG org.asynchttpclient.netty.request.NettyRequestSender - Using open Channel [id: 0x57c199bc, L:/127.0.0.1:53005 - R:localhost/127.0.0.1:61017] for GET '/session/f2346aad5862ff59a3bdcc8f9874999b/screenshot'
22:10:28.445 [AsyncHttpClient-1-2] DEBUG org.asynchttpclient.netty.handler.HttpHandler - 

Request DefaultFullHttpRequest(decodeResult: success, version: HTTP/1.1, content: EmptyByteBufBE)
GET /session/f2346aad5862ff59a3bdcc8f9874999b/screenshot HTTP/1.1
User-Agent: selenium/4.1.2 (java windows)
Cache-Control: no-cache
Content-Type: application/json; charset=utf-8
host: localhost:61017
accept: */*

Response DefaultHttpResponse(decodeResult: success, version: HTTP/1.1)
HTTP/1.1 200 OK
Content-Type: application/json; charset=utf-8
cache-control: no-cache
content-length: 66152

22:10:28.445 [AsyncHttpClient-1-2] DEBUG org.asynchttpclient.netty.channel.ChannelManager - Adding key: http://localhost:61017 for channel [id: 0x57c199bc, L:/127.0.0.1:53005 - R:localhost/127.0.0.1:61017]
22:10:28.560 [main] DEBUG net.serenitybdd.core.photography.Darkroom - Send negative for processing for target\site\serenity\ea8915665affd87e641a8f6878bbb10e31cdefbf5460a5e937ee883a2c45f1be.png
22:10:28.560 [Darkroom Processing Line] DEBUG net.serenitybdd.core.photography.DarkroomProcessingLine - Processing screenshot image in /var/screenshots/screenshot-15992506515650516507
22:10:28.560 [Darkroom Processing Line] DEBUG net.serenitybdd.core.photography.DarkroomProcessingLine - Saving screenshot to target\site\serenity\ea8915665affd87e641a8f6878bbb10e31cdefbf5460a5e937ee883a2c45f1be.png
22:10:28.591 [Forwarding findElement on session f2346aad5862ff59a3bdcc8f9874999b to remote] DEBUG org.asynchttpclient.netty.request.NettyRequestSender - Using pooled Channel '[id: 0x57c199bc, L:/127.0.0.1:53005 - R:localhost/127.0.0.1:61017]' for 'POST' to 'http://localhost:61017/session/f2346aad5862ff59a3bdcc8f9874999b/element'
22:10:28.591 [Forwarding findElement on session f2346aad5862ff59a3bdcc8f9874999b to remote] DEBUG org.asynchttpclient.netty.request.NettyRequestSender - Using open Channel [id: 0x57c199bc, L:/127.0.0.1:53005 - R:localhost/127.0.0.1:61017] for POST '/session/f2346aad5862ff59a3bdcc8f9874999b/element'
22:10:28.608 [AsyncHttpClient-1-2] DEBUG org.asynchttpclient.netty.handler.HttpHandler - 

Request DefaultHttpRequest(decodeResult: success, version: HTTP/1.1)
POST /session/f2346aad5862ff59a3bdcc8f9874999b/element HTTP/1.1
User-Agent: selenium/4.1.2 (java windows)
Content-Length: 97
Content-Type: application/json; charset=utf-8
host: localhost:61017
accept: */*

Response DefaultHttpResponse(decodeResult: success, version: HTTP/1.1)
HTTP/1.1 200 OK
Content-Type: application/json; charset=utf-8
cache-control: no-cache
content-length: 88

22:10:28.608 [AsyncHttpClient-1-2] DEBUG org.asynchttpclient.netty.channel.ChannelManager - Adding key: http://localhost:61017 for channel [id: 0x57c199bc, L:/127.0.0.1:53005 - R:localhost/127.0.0.1:61017]
22:10:28.608 [Forwarding getElementTagName on session f2346aad5862ff59a3bdcc8f9874999b to remote] DEBUG org.asynchttpclient.netty.request.NettyRequestSender - Using pooled Channel '[id: 0x57c199bc, L:/127.0.0.1:53005 - R:localhost/127.0.0.1:61017]' for 'GET' to 'http://localhost:61017/session/f2346aad5862ff59a3bdcc8f9874999b/element/84951c86-a307-4d59-81ec-2daef9b7b70a/name'
22:10:28.608 [Forwarding getElementTagName on session f2346aad5862ff59a3bdcc8f9874999b to remote] DEBUG org.asynchttpclient.netty.request.NettyRequestSender - Using open Channel [id: 0x57c199bc, L:/127.0.0.1:53005 - R:localhost/127.0.0.1:61017] for GET '/session/f2346aad5862ff59a3bdcc8f9874999b/element/84951c86-a307-4d59-81ec-2daef9b7b70a/name'
22:10:28.608 [AsyncHttpClient-1-2] DEBUG org.asynchttpclient.netty.handler.HttpHandler - 

Request DefaultFullHttpRequest(decodeResult: success, version: HTTP/1.1, content: EmptyByteBufBE)
GET /session/f2346aad5862ff59a3bdcc8f9874999b/element/84951c86-a307-4d59-81ec-2daef9b7b70a/name HTTP/1.1
User-Agent: selenium/4.1.2 (java windows)
Cache-Control: no-cache
Content-Type: application/json; charset=utf-8
host: localhost:61017
accept: */*

Response DefaultHttpResponse(decodeResult: success, version: HTTP/1.1)
HTTP/1.1 200 OK
Content-Type: application/json; charset=utf-8
cache-control: no-cache
content-length: 18

22:10:28.608 [AsyncHttpClient-1-2] DEBUG org.asynchttpclient.netty.channel.ChannelManager - Adding key: http://localhost:61017 for channel [id: 0x57c199bc, L:/127.0.0.1:53005 - R:localhost/127.0.0.1:61017]
22:10:28.624 [Forwarding getElementTagName on session f2346aad5862ff59a3bdcc8f9874999b to remote] DEBUG org.asynchttpclient.netty.request.NettyRequestSender - Using pooled Channel '[id: 0x57c199bc, L:/127.0.0.1:53005 - R:localhost/127.0.0.1:61017]' for 'GET' to 'http://localhost:61017/session/f2346aad5862ff59a3bdcc8f9874999b/element/84951c86-a307-4d59-81ec-2daef9b7b70a/name'
22:10:28.624 [Forwarding getElementTagName on session f2346aad5862ff59a3bdcc8f9874999b to remote] DEBUG org.asynchttpclient.netty.request.NettyRequestSender - Using open Channel [id: 0x57c199bc, L:/127.0.0.1:53005 - R:localhost/127.0.0.1:61017] for GET '/session/f2346aad5862ff59a3bdcc8f9874999b/element/84951c86-a307-4d59-81ec-2daef9b7b70a/name'
22:10:28.624 [AsyncHttpClient-1-2] DEBUG org.asynchttpclient.netty.handler.HttpHandler - 

Request DefaultFullHttpRequest(decodeResult: success, version: HTTP/1.1, content: EmptyByteBufBE)
GET /session/f2346aad5862ff59a3bdcc8f9874999b/element/84951c86-a307-4d59-81ec-2daef9b7b70a/name HTTP/1.1
User-Agent: selenium/4.1.2 (java windows)
Cache-Control: no-cache
Content-Type: application/json; charset=utf-8
host: localhost:61017
accept: */*

Response DefaultHttpResponse(decodeResult: success, version: HTTP/1.1)
HTTP/1.1 200 OK
Content-Type: application/json; charset=utf-8
cache-control: no-cache
content-length: 18

22:10:28.624 [AsyncHttpClient-1-2] DEBUG org.asynchttpclient.netty.channel.ChannelManager - Adding key: http://localhost:61017 for channel [id: 0x57c199bc, L:/127.0.0.1:53005 - R:localhost/127.0.0.1:61017]
22:10:28.624 [Forwarding isElementEnabled on session f2346aad5862ff59a3bdcc8f9874999b to remote] DEBUG org.asynchttpclient.netty.request.NettyRequestSender - Using pooled Channel '[id: 0x57c199bc, L:/127.0.0.1:53005 - R:localhost/127.0.0.1:61017]' for 'GET' to 'http://localhost:61017/session/f2346aad5862ff59a3bdcc8f9874999b/element/84951c86-a307-4d59-81ec-2daef9b7b70a/enabled'
22:10:28.624 [Forwarding isElementEnabled on session f2346aad5862ff59a3bdcc8f9874999b to remote] DEBUG org.asynchttpclient.netty.request.NettyRequestSender - Using open Channel [id: 0x57c199bc, L:/127.0.0.1:53005 - R:localhost/127.0.0.1:61017] for GET '/session/f2346aad5862ff59a3bdcc8f9874999b/element/84951c86-a307-4d59-81ec-2daef9b7b70a/enabled'
22:10:28.639 [AsyncHttpClient-1-2] DEBUG org.asynchttpclient.netty.handler.HttpHandler - 

Request DefaultFullHttpRequest(decodeResult: success, version: HTTP/1.1, content: EmptyByteBufBE)
GET /session/f2346aad5862ff59a3bdcc8f9874999b/element/84951c86-a307-4d59-81ec-2daef9b7b70a/enabled HTTP/1.1
User-Agent: selenium/4.1.2 (java windows)
Cache-Control: no-cache
Content-Type: application/json; charset=utf-8
host: localhost:61017
accept: */*

Response DefaultHttpResponse(decodeResult: success, version: HTTP/1.1)
HTTP/1.1 200 OK
Content-Type: application/json; charset=utf-8
cache-control: no-cache
content-length: 14

22:10:28.639 [AsyncHttpClient-1-2] DEBUG org.asynchttpclient.netty.channel.ChannelManager - Adding key: http://localhost:61017 for channel [id: 0x57c199bc, L:/127.0.0.1:53005 - R:localhost/127.0.0.1:61017]
22:10:28.639 [Forwarding isElementEnabled on session f2346aad5862ff59a3bdcc8f9874999b to remote] DEBUG org.asynchttpclient.netty.request.NettyRequestSender - Using pooled Channel '[id: 0x57c199bc, L:/127.0.0.1:53005 - R:localhost/127.0.0.1:61017]' for 'GET' to 'http://localhost:61017/session/f2346aad5862ff59a3bdcc8f9874999b/element/84951c86-a307-4d59-81ec-2daef9b7b70a/enabled'
22:10:28.639 [Forwarding isElementEnabled on session f2346aad5862ff59a3bdcc8f9874999b to remote] DEBUG org.asynchttpclient.netty.request.NettyRequestSender - Using open Channel [id: 0x57c199bc, L:/127.0.0.1:53005 - R:localhost/127.0.0.1:61017] for GET '/session/f2346aad5862ff59a3bdcc8f9874999b/element/84951c86-a307-4d59-81ec-2daef9b7b70a/enabled'
22:10:28.655 [AsyncHttpClient-1-2] DEBUG org.asynchttpclient.netty.handler.HttpHandler - 

Request DefaultFullHttpRequest(decodeResult: success, version: HTTP/1.1, content: EmptyByteBufBE)
GET /session/f2346aad5862ff59a3bdcc8f9874999b/element/84951c86-a307-4d59-81ec-2daef9b7b70a/enabled HTTP/1.1
User-Agent: selenium/4.1.2 (java windows)
Cache-Control: no-cache
Content-Type: application/json; charset=utf-8
host: localhost:61017
accept: */*

Response DefaultHttpResponse(decodeResult: success, version: HTTP/1.1)
HTTP/1.1 200 OK
Content-Type: application/json; charset=utf-8
cache-control: no-cache
content-length: 14

22:10:28.655 [AsyncHttpClient-1-2] DEBUG org.asynchttpclient.netty.channel.ChannelManager - Adding key: http://localhost:61017 for channel [id: 0x57c199bc, L:/127.0.0.1:53005 - R:localhost/127.0.0.1:61017]
22:10:28.655 [Forwarding findElement on session f2346aad5862ff59a3bdcc8f9874999b to remote] DEBUG org.asynchttpclient.netty.request.NettyRequestSender - Using pooled Channel '[id: 0x57c199bc, L:/127.0.0.1:53005 - R:localhost/127.0.0.1:61017]' for 'POST' to 'http://localhost:61017/session/f2346aad5862ff59a3bdcc8f9874999b/element'
22:10:28.655 [Forwarding findElement on session f2346aad5862ff59a3bdcc8f9874999b to remote] DEBUG org.asynchttpclient.netty.request.NettyRequestSender - Using open Channel [id: 0x57c199bc, L:/127.0.0.1:53005 - R:localhost/127.0.0.1:61017] for POST '/session/f2346aad5862ff59a3bdcc8f9874999b/element'
22:10:28.655 [AsyncHttpClient-1-2] DEBUG org.asynchttpclient.netty.handler.HttpHandler - 

Request DefaultHttpRequest(decodeResult: success, version: HTTP/1.1)
POST /session/f2346aad5862ff59a3bdcc8f9874999b/element HTTP/1.1
User-Agent: selenium/4.1.2 (java windows)
Content-Length: 97
Content-Type: application/json; charset=utf-8
host: localhost:61017
accept: */*

Response DefaultHttpResponse(decodeResult: success, version: HTTP/1.1)
HTTP/1.1 200 OK
Content-Type: application/json; charset=utf-8
cache-control: no-cache
content-length: 88

22:10:28.655 [AsyncHttpClient-1-2] DEBUG org.asynchttpclient.netty.channel.ChannelManager - Adding key: http://localhost:61017 for channel [id: 0x57c199bc, L:/127.0.0.1:53005 - R:localhost/127.0.0.1:61017]
22:10:28.671 [Forwarding clickElement on session f2346aad5862ff59a3bdcc8f9874999b to remote] DEBUG org.asynchttpclient.netty.request.NettyRequestSender - Using pooled Channel '[id: 0x57c199bc, L:/127.0.0.1:53005 - R:localhost/127.0.0.1:61017]' for 'POST' to 'http://localhost:61017/session/f2346aad5862ff59a3bdcc8f9874999b/element/84951c86-a307-4d59-81ec-2daef9b7b70a/click'
22:10:28.671 [Forwarding clickElement on session f2346aad5862ff59a3bdcc8f9874999b to remote] DEBUG org.asynchttpclient.netty.request.NettyRequestSender - Using open Channel [id: 0x57c199bc, L:/127.0.0.1:53005 - R:localhost/127.0.0.1:61017] for POST '/session/f2346aad5862ff59a3bdcc8f9874999b/element/84951c86-a307-4d59-81ec-2daef9b7b70a/click'
22:10:28.723 [AsyncHttpClient-1-2] DEBUG org.asynchttpclient.netty.handler.HttpHandler - 

Request DefaultHttpRequest(decodeResult: success, version: HTTP/1.1)
POST /session/f2346aad5862ff59a3bdcc8f9874999b/element/84951c86-a307-4d59-81ec-2daef9b7b70a/click HTTP/1.1
User-Agent: selenium/4.1.2 (java windows)
Content-Length: 50
Content-Type: application/json; charset=utf-8
host: localhost:61017
accept: */*

Response DefaultHttpResponse(decodeResult: success, version: HTTP/1.1)
HTTP/1.1 200 OK
Content-Type: application/json; charset=utf-8
cache-control: no-cache
content-length: 14

22:10:28.723 [AsyncHttpClient-1-2] DEBUG org.asynchttpclient.netty.channel.ChannelManager - Adding key: http://localhost:61017 for channel [id: 0x57c199bc, L:/127.0.0.1:53005 - R:localhost/127.0.0.1:61017]
  &amp#27;[32mWhen &amp#27;[0m&amp#27;[32mi click beli on my product&amp#27;[0m            &amp#27;[90m# starter.stepdefinitions.transStep.iClickBeliOnMyProduct()&amp#27;[0m
22:10:28.735 [Forwarding screenshot on session f2346aad5862ff59a3bdcc8f9874999b to remote] DEBUG org.asynchttpclient.netty.request.NettyRequestSender - Using pooled Channel '[id: 0x57c199bc, L:/127.0.0.1:53005 - R:localhost/127.0.0.1:61017]' for 'GET' to 'http://localhost:61017/session/f2346aad5862ff59a3bdcc8f9874999b/screenshot'
22:10:28.735 [Forwarding screenshot on session f2346aad5862ff59a3bdcc8f9874999b to remote] DEBUG org.asynchttpclient.netty.request.NettyRequestSender - Using open Channel [id: 0x57c199bc, L:/127.0.0.1:53005 - R:localhost/127.0.0.1:61017] for GET '/session/f2346aad5862ff59a3bdcc8f9874999b/screenshot'
22:10:28.802 [AsyncHttpClient-1-1] DEBUG org.asynchttpclient.netty.channel.DefaultChannelPool - Entry count for : http://localhost:53007 : 1
22:10:28.890 [AsyncHttpClient-1-2] DEBUG org.asynchttpclient.netty.handler.HttpHandler - 

Request DefaultFullHttpRequest(decodeResult: success, version: HTTP/1.1, content: EmptyByteBufBE)
GET /session/f2346aad5862ff59a3bdcc8f9874999b/screenshot HTTP/1.1
User-Agent: selenium/4.1.2 (java windows)
Cache-Control: no-cache
Content-Type: application/json; charset=utf-8
host: localhost:61017
accept: */*

Response DefaultHttpResponse(decodeResult: success, version: HTTP/1.1)
HTTP/1.1 200 OK
Content-Type: application/json; charset=utf-8
cache-control: no-cache
content-length: 68744

22:10:28.892 [AsyncHttpClient-1-2] DEBUG org.asynchttpclient.netty.channel.ChannelManager - Adding key: http://localhost:61017 for channel [id: 0x57c199bc, L:/127.0.0.1:53005 - R:localhost/127.0.0.1:61017]
22:10:28.905 [main] DEBUG net.serenitybdd.core.photography.Darkroom - Send negative for processing for target\site\serenity\f23f4c708f75e35172c195b256f3f037fa9fe2a25962e3a3080d5d9d5cffb4d1.png
22:10:28.905 [Darkroom Processing Line] DEBUG net.serenitybdd.core.photography.DarkroomProcessingLine - Processing screenshot image in /var/screenshots/screenshot-8872026516210838911
22:10:28.905 [Darkroom Processing Line] DEBUG net.serenitybdd.core.photography.DarkroomProcessingLine - Saving screenshot to target\site\serenity\f23f4c708f75e35172c195b256f3f037fa9fe2a25962e3a3080d5d9d5cffb4d1.png
22:10:28.921 [Forwarding findElement on session f2346aad5862ff59a3bdcc8f9874999b to remote] DEBUG org.asynchttpclient.netty.request.NettyRequestSender - Using pooled Channel '[id: 0x57c199bc, L:/127.0.0.1:53005 - R:localhost/127.0.0.1:61017]' for 'POST' to 'http://localhost:61017/session/f2346aad5862ff59a3bdcc8f9874999b/element'
22:10:28.921 [Forwarding findElement on session f2346aad5862ff59a3bdcc8f9874999b to remote] DEBUG org.asynchttpclient.netty.request.NettyRequestSender - Using open Channel [id: 0x57c199bc, L:/127.0.0.1:53005 - R:localhost/127.0.0.1:61017] for POST '/session/f2346aad5862ff59a3bdcc8f9874999b/element'
22:10:28.937 [AsyncHttpClient-1-2] DEBUG org.asynchttpclient.netty.handler.HttpHandler - 

Request DefaultHttpRequest(decodeResult: success, version: HTTP/1.1)
POST /session/f2346aad5862ff59a3bdcc8f9874999b/element HTTP/1.1
User-Agent: selenium/4.1.2 (java windows)
Content-Length: 265
Content-Type: application/json; charset=utf-8
host: localhost:61017
accept: */*

Response DefaultHttpResponse(decodeResult: success, version: HTTP/1.1)
HTTP/1.1 200 OK
Content-Type: application/json; charset=utf-8
cache-control: no-cache
content-length: 88

22:10:28.937 [AsyncHttpClient-1-2] DEBUG org.asynchttpclient.netty.channel.ChannelManager - Adding key: http://localhost:61017 for channel [id: 0x57c199bc, L:/127.0.0.1:53005 - R:localhost/127.0.0.1:61017]
22:10:28.940 [Forwarding getElementTagName on session f2346aad5862ff59a3bdcc8f9874999b to remote] DEBUG org.asynchttpclient.netty.request.NettyRequestSender - Using pooled Channel '[id: 0x57c199bc, L:/127.0.0.1:53005 - R:localhost/127.0.0.1:61017]' for 'GET' to 'http://localhost:61017/session/f2346aad5862ff59a3bdcc8f9874999b/element/eb07c57c-f133-4b81-9fab-a3f589b1722a/name'
22:10:28.940 [Forwarding getElementTagName on session f2346aad5862ff59a3bdcc8f9874999b to remote] DEBUG org.asynchttpclient.netty.request.NettyRequestSender - Using open Channel [id: 0x57c199bc, L:/127.0.0.1:53005 - R:localhost/127.0.0.1:61017] for GET '/session/f2346aad5862ff59a3bdcc8f9874999b/element/eb07c57c-f133-4b81-9fab-a3f589b1722a/name'
22:10:28.947 [AsyncHttpClient-1-2] DEBUG org.asynchttpclient.netty.handler.HttpHandler - 

Request DefaultFullHttpRequest(decodeResult: success, version: HTTP/1.1, content: EmptyByteBufBE)
GET /session/f2346aad5862ff59a3bdcc8f9874999b/element/eb07c57c-f133-4b81-9fab-a3f589b1722a/name HTTP/1.1
User-Agent: selenium/4.1.2 (java windows)
Cache-Control: no-cache
Content-Type: application/json; charset=utf-8
host: localhost:61017
accept: */*

Response DefaultHttpResponse(decodeResult: success, version: HTTP/1.1)
HTTP/1.1 200 OK
Content-Type: application/json; charset=utf-8
cache-control: no-cache
content-length: 13

22:10:28.947 [AsyncHttpClient-1-2] DEBUG org.asynchttpclient.netty.channel.ChannelManager - Adding key: http://localhost:61017 for channel [id: 0x57c199bc, L:/127.0.0.1:53005 - R:localhost/127.0.0.1:61017]
22:10:28.950 [Forwarding getElementTagName on session f2346aad5862ff59a3bdcc8f9874999b to remote] DEBUG org.asynchttpclient.netty.request.NettyRequestSender - Using pooled Channel '[id: 0x57c199bc, L:/127.0.0.1:53005 - R:localhost/127.0.0.1:61017]' for 'GET' to 'http://localhost:61017/session/f2346aad5862ff59a3bdcc8f9874999b/element/eb07c57c-f133-4b81-9fab-a3f589b1722a/name'
22:10:28.951 [Forwarding getElementTagName on session f2346aad5862ff59a3bdcc8f9874999b to remote] DEBUG org.asynchttpclient.netty.request.NettyRequestSender - Using open Channel [id: 0x57c199bc, L:/127.0.0.1:53005 - R:localhost/127.0.0.1:61017] for GET '/session/f2346aad5862ff59a3bdcc8f9874999b/element/eb07c57c-f133-4b81-9fab-a3f589b1722a/name'
22:10:28.954 [AsyncHttpClient-1-2] DEBUG org.asynchttpclient.netty.handler.HttpHandler - 

Request DefaultFullHttpRequest(decodeResult: success, version: HTTP/1.1, content: EmptyByteBufBE)
GET /session/f2346aad5862ff59a3bdcc8f9874999b/element/eb07c57c-f133-4b81-9fab-a3f589b1722a/name HTTP/1.1
User-Agent: selenium/4.1.2 (java windows)
Cache-Control: no-cache
Content-Type: application/json; charset=utf-8
host: localhost:61017
accept: */*

Response DefaultHttpResponse(decodeResult: success, version: HTTP/1.1)
HTTP/1.1 200 OK
Content-Type: application/json; charset=utf-8
cache-control: no-cache
content-length: 13

22:10:28.955 [AsyncHttpClient-1-2] DEBUG org.asynchttpclient.netty.channel.ChannelManager - Adding key: http://localhost:61017 for channel [id: 0x57c199bc, L:/127.0.0.1:53005 - R:localhost/127.0.0.1:61017]
22:10:28.958 [Forwarding findElement on session f2346aad5862ff59a3bdcc8f9874999b to remote] DEBUG org.asynchttpclient.netty.request.NettyRequestSender - Using pooled Channel '[id: 0x57c199bc, L:/127.0.0.1:53005 - R:localhost/127.0.0.1:61017]' for 'POST' to 'http://localhost:61017/session/f2346aad5862ff59a3bdcc8f9874999b/element'
22:10:28.958 [Forwarding findElement on session f2346aad5862ff59a3bdcc8f9874999b to remote] DEBUG org.asynchttpclient.netty.request.NettyRequestSender - Using open Channel [id: 0x57c199bc, L:/127.0.0.1:53005 - R:localhost/127.0.0.1:61017] for POST '/session/f2346aad5862ff59a3bdcc8f9874999b/element'
22:10:28.968 [AsyncHttpClient-1-2] DEBUG org.asynchttpclient.netty.handler.HttpHandler - 

Request DefaultHttpRequest(decodeResult: success, version: HTTP/1.1)
POST /session/f2346aad5862ff59a3bdcc8f9874999b/element HTTP/1.1
User-Agent: selenium/4.1.2 (java windows)
Content-Length: 265
Content-Type: application/json; charset=utf-8
host: localhost:61017
accept: */*

Response DefaultHttpResponse(decodeResult: success, version: HTTP/1.1)
HTTP/1.1 200 OK
Content-Type: application/json; charset=utf-8
cache-control: no-cache
content-length: 88

22:10:28.969 [AsyncHttpClient-1-2] DEBUG org.asynchttpclient.netty.channel.ChannelManager - Adding key: http://localhost:61017 for channel [id: 0x57c199bc, L:/127.0.0.1:53005 - R:localhost/127.0.0.1:61017]
22:10:28.972 [Forwarding clickElement on session f2346aad5862ff59a3bdcc8f9874999b to remote] DEBUG org.asynchttpclient.netty.request.NettyRequestSender - Using pooled Channel '[id: 0x57c199bc, L:/127.0.0.1:53005 - R:localhost/127.0.0.1:61017]' for 'POST' to 'http://localhost:61017/session/f2346aad5862ff59a3bdcc8f9874999b/element/eb07c57c-f133-4b81-9fab-a3f589b1722a/click'
22:10:28.972 [Forwarding clickElement on session f2346aad5862ff59a3bdcc8f9874999b to remote] DEBUG org.asynchttpclient.netty.request.NettyRequestSender - Using open Channel [id: 0x57c199bc, L:/127.0.0.1:53005 - R:localhost/127.0.0.1:61017] for POST '/session/f2346aad5862ff59a3bdcc8f9874999b/element/eb07c57c-f133-4b81-9fab-a3f589b1722a/click'
22:10:29.010 [AsyncHttpClient-1-2] DEBUG org.asynchttpclient.netty.handler.HttpHandler - 

Request DefaultHttpRequest(decodeResult: success, version: HTTP/1.1)
POST /session/f2346aad5862ff59a3bdcc8f9874999b/element/eb07c57c-f133-4b81-9fab-a3f589b1722a/click HTTP/1.1
User-Agent: selenium/4.1.2 (java windows)
Content-Length: 50
Content-Type: application/json; charset=utf-8
host: localhost:61017
accept: */*

Response DefaultHttpResponse(decodeResult: success, version: HTTP/1.1)
HTTP/1.1 200 OK
Content-Type: application/json; charset=utf-8
cache-control: no-cache
content-length: 14

22:10:29.010 [AsyncHttpClient-1-2] DEBUG org.asynchttpclient.netty.channel.ChannelManager - Adding key: http://localhost:61017 for channel [id: 0x57c199bc, L:/127.0.0.1:53005 - R:localhost/127.0.0.1:61017]
  &amp#27;[32mAnd &amp#27;[0m&amp#27;[32mi click my cart&amp#27;[0m                        &amp#27;[90m# starter.stepdefinitions.orderStep.iClickMyCart()&amp#27;[0m
22:10:29.023 [Forwarding screenshot on session f2346aad5862ff59a3bdcc8f9874999b to remote] DEBUG org.asynchttpclient.netty.request.NettyRequestSender - Using pooled Channel '[id: 0x57c199bc, L:/127.0.0.1:53005 - R:localhost/127.0.0.1:61017]' for 'GET' to 'http://localhost:61017/session/f2346aad5862ff59a3bdcc8f9874999b/screenshot'
22:10:29.023 [Forwarding screenshot on session f2346aad5862ff59a3bdcc8f9874999b to remote] DEBUG org.asynchttpclient.netty.request.NettyRequestSender - Using open Channel [id: 0x57c199bc, L:/127.0.0.1:53005 - R:localhost/127.0.0.1:61017] for GET '/session/f2346aad5862ff59a3bdcc8f9874999b/screenshot'
22:10:29.335 [AsyncHttpClient-1-2] DEBUG org.asynchttpclient.netty.handler.HttpHandler - 

Request DefaultFullHttpRequest(decodeResult: success, version: HTTP/1.1, content: EmptyByteBufBE)
GET /session/f2346aad5862ff59a3bdcc8f9874999b/screenshot HTTP/1.1
User-Agent: selenium/4.1.2 (java windows)
Cache-Control: no-cache
Content-Type: application/json; charset=utf-8
host: localhost:61017
accept: */*

Response DefaultHttpResponse(decodeResult: success, version: HTTP/1.1)
HTTP/1.1 200 OK
Content-Type: application/json; charset=utf-8
cache-control: no-cache
content-length: 47704

22:10:29.336 [AsyncHttpClient-1-2] DEBUG org.asynchttpclient.netty.channel.ChannelManager - Adding key: http://localhost:61017 for channel [id: 0x57c199bc, L:/127.0.0.1:53005 - R:localhost/127.0.0.1:61017]
22:10:29.339 [main] DEBUG net.serenitybdd.core.photography.Darkroom - Send negative for processing for target\site\serenity\47e8f66b7156d6af6fecae194de9e696e4da3c5f3f1800ee67b7dfb131bf1047.png
22:10:29.339 [Darkroom Processing Line] DEBUG net.serenitybdd.core.photography.DarkroomProcessingLine - Processing screenshot image in /var/screenshots/screenshot-10961466685694193220
22:10:29.339 [Darkroom Processing Line] DEBUG net.serenitybdd.core.photography.DarkroomProcessingLine - Saving screenshot to target\site\serenity\47e8f66b7156d6af6fecae194de9e696e4da3c5f3f1800ee67b7dfb131bf1047.png
22:10:29.346 [Forwarding findElement on session f2346aad5862ff59a3bdcc8f9874999b to remote] DEBUG org.asynchttpclient.netty.request.NettyRequestSender - Using pooled Channel '[id: 0x57c199bc, L:/127.0.0.1:53005 - R:localhost/127.0.0.1:61017]' for 'POST' to 'http://localhost:61017/session/f2346aad5862ff59a3bdcc8f9874999b/element'
22:10:29.346 [Forwarding findElement on session f2346aad5862ff59a3bdcc8f9874999b to remote] DEBUG org.asynchttpclient.netty.request.NettyRequestSender - Using open Channel [id: 0x57c199bc, L:/127.0.0.1:53005 - R:localhost/127.0.0.1:61017] for POST '/session/f2346aad5862ff59a3bdcc8f9874999b/element'
22:10:29.360 [AsyncHttpClient-1-2] DEBUG org.asynchttpclient.netty.handler.HttpHandler - 

Request DefaultHttpRequest(decodeResult: success, version: HTTP/1.1)
POST /session/f2346aad5862ff59a3bdcc8f9874999b/element HTTP/1.1
User-Agent: selenium/4.1.2 (java windows)
Content-Length: 74
Content-Type: application/json; charset=utf-8
host: localhost:61017
accept: */*

Response DefaultHttpResponse(decodeResult: success, version: HTTP/1.1)
HTTP/1.1 200 OK
Content-Type: application/json; charset=utf-8
cache-control: no-cache
content-length: 88

22:10:29.361 [AsyncHttpClient-1-2] DEBUG org.asynchttpclient.netty.channel.ChannelManager - Adding key: http://localhost:61017 for channel [id: 0x57c199bc, L:/127.0.0.1:53005 - R:localhost/127.0.0.1:61017]
22:10:29.363 [Forwarding getElementTagName on session f2346aad5862ff59a3bdcc8f9874999b to remote] DEBUG org.asynchttpclient.netty.request.NettyRequestSender - Using pooled Channel '[id: 0x57c199bc, L:/127.0.0.1:53005 - R:localhost/127.0.0.1:61017]' for 'GET' to 'http://localhost:61017/session/f2346aad5862ff59a3bdcc8f9874999b/element/04cc7801-ed4d-414c-bf2f-8638c2eeb2fb/name'
22:10:29.363 [Forwarding getElementTagName on session f2346aad5862ff59a3bdcc8f9874999b to remote] DEBUG org.asynchttpclient.netty.request.NettyRequestSender - Using open Channel [id: 0x57c199bc, L:/127.0.0.1:53005 - R:localhost/127.0.0.1:61017] for GET '/session/f2346aad5862ff59a3bdcc8f9874999b/element/04cc7801-ed4d-414c-bf2f-8638c2eeb2fb/name'
22:10:29.369 [AsyncHttpClient-1-2] DEBUG org.asynchttpclient.netty.handler.HttpHandler - 

Request DefaultFullHttpRequest(decodeResult: success, version: HTTP/1.1, content: EmptyByteBufBE)
GET /session/f2346aad5862ff59a3bdcc8f9874999b/element/04cc7801-ed4d-414c-bf2f-8638c2eeb2fb/name HTTP/1.1
User-Agent: selenium/4.1.2 (java windows)
Cache-Control: no-cache
Content-Type: application/json; charset=utf-8
host: localhost:61017
accept: */*

Response DefaultHttpResponse(decodeResult: success, version: HTTP/1.1)
HTTP/1.1 200 OK
Content-Type: application/json; charset=utf-8
cache-control: no-cache
content-length: 18

22:10:29.369 [AsyncHttpClient-1-2] DEBUG org.asynchttpclient.netty.channel.ChannelManager - Adding key: http://localhost:61017 for channel [id: 0x57c199bc, L:/127.0.0.1:53005 - R:localhost/127.0.0.1:61017]
22:10:29.372 [Forwarding getElementTagName on session f2346aad5862ff59a3bdcc8f9874999b to remote] DEBUG org.asynchttpclient.netty.request.NettyRequestSender - Using pooled Channel '[id: 0x57c199bc, L:/127.0.0.1:53005 - R:localhost/127.0.0.1:61017]' for 'GET' to 'http://localhost:61017/session/f2346aad5862ff59a3bdcc8f9874999b/element/04cc7801-ed4d-414c-bf2f-8638c2eeb2fb/name'
22:10:29.372 [Forwarding getElementTagName on session f2346aad5862ff59a3bdcc8f9874999b to remote] DEBUG org.asynchttpclient.netty.request.NettyRequestSender - Using open Channel [id: 0x57c199bc, L:/127.0.0.1:53005 - R:localhost/127.0.0.1:61017] for GET '/session/f2346aad5862ff59a3bdcc8f9874999b/element/04cc7801-ed4d-414c-bf2f-8638c2eeb2fb/name'
22:10:29.375 [AsyncHttpClient-1-2] DEBUG org.asynchttpclient.netty.handler.HttpHandler - 

Request DefaultFullHttpRequest(decodeResult: success, version: HTTP/1.1, content: EmptyByteBufBE)
GET /session/f2346aad5862ff59a3bdcc8f9874999b/element/04cc7801-ed4d-414c-bf2f-8638c2eeb2fb/name HTTP/1.1
User-Agent: selenium/4.1.2 (java windows)
Cache-Control: no-cache
Content-Type: application/json; charset=utf-8
host: localhost:61017
accept: */*

Response DefaultHttpResponse(decodeResult: success, version: HTTP/1.1)
HTTP/1.1 200 OK
Content-Type: application/json; charset=utf-8
cache-control: no-cache
content-length: 18

22:10:29.376 [AsyncHttpClient-1-2] DEBUG org.asynchttpclient.netty.channel.ChannelManager - Adding key: http://localhost:61017 for channel [id: 0x57c199bc, L:/127.0.0.1:53005 - R:localhost/127.0.0.1:61017]
22:10:29.379 [Forwarding isElementEnabled on session f2346aad5862ff59a3bdcc8f9874999b to remote] DEBUG org.asynchttpclient.netty.request.NettyRequestSender - Using pooled Channel '[id: 0x57c199bc, L:/127.0.0.1:53005 - R:localhost/127.0.0.1:61017]' for 'GET' to 'http://localhost:61017/session/f2346aad5862ff59a3bdcc8f9874999b/element/04cc7801-ed4d-414c-bf2f-8638c2eeb2fb/enabled'
22:10:29.379 [Forwarding isElementEnabled on session f2346aad5862ff59a3bdcc8f9874999b to remote] DEBUG org.asynchttpclient.netty.request.NettyRequestSender - Using open Channel [id: 0x57c199bc, L:/127.0.0.1:53005 - R:localhost/127.0.0.1:61017] for GET '/session/f2346aad5862ff59a3bdcc8f9874999b/element/04cc7801-ed4d-414c-bf2f-8638c2eeb2fb/enabled'
22:10:29.388 [AsyncHttpClient-1-2] DEBUG org.asynchttpclient.netty.handler.HttpHandler - 

Request DefaultFullHttpRequest(decodeResult: success, version: HTTP/1.1, content: EmptyByteBufBE)
GET /session/f2346aad5862ff59a3bdcc8f9874999b/element/04cc7801-ed4d-414c-bf2f-8638c2eeb2fb/enabled HTTP/1.1
User-Agent: selenium/4.1.2 (java windows)
Cache-Control: no-cache
Content-Type: application/json; charset=utf-8
host: localhost:61017
accept: */*

Response DefaultHttpResponse(decodeResult: success, version: HTTP/1.1)
HTTP/1.1 200 OK
Content-Type: application/json; charset=utf-8
cache-control: no-cache
content-length: 14

22:10:29.388 [AsyncHttpClient-1-2] DEBUG org.asynchttpclient.netty.channel.ChannelManager - Adding key: http://localhost:61017 for channel [id: 0x57c199bc, L:/127.0.0.1:53005 - R:localhost/127.0.0.1:61017]
22:10:29.391 [Forwarding isElementEnabled on session f2346aad5862ff59a3bdcc8f9874999b to remote] DEBUG org.asynchttpclient.netty.request.NettyRequestSender - Using pooled Channel '[id: 0x57c199bc, L:/127.0.0.1:53005 - R:localhost/127.0.0.1:61017]' for 'GET' to 'http://localhost:61017/session/f2346aad5862ff59a3bdcc8f9874999b/element/04cc7801-ed4d-414c-bf2f-8638c2eeb2fb/enabled'
22:10:29.391 [Forwarding isElementEnabled on session f2346aad5862ff59a3bdcc8f9874999b to remote] DEBUG org.asynchttpclient.netty.request.NettyRequestSender - Using open Channel [id: 0x57c199bc, L:/127.0.0.1:53005 - R:localhost/127.0.0.1:61017] for GET '/session/f2346aad5862ff59a3bdcc8f9874999b/element/04cc7801-ed4d-414c-bf2f-8638c2eeb2fb/enabled'
22:10:29.397 [AsyncHttpClient-1-2] DEBUG org.asynchttpclient.netty.handler.HttpHandler - 

Request DefaultFullHttpRequest(decodeResult: success, version: HTTP/1.1, content: EmptyByteBufBE)
GET /session/f2346aad5862ff59a3bdcc8f9874999b/element/04cc7801-ed4d-414c-bf2f-8638c2eeb2fb/enabled HTTP/1.1
User-Agent: selenium/4.1.2 (java windows)
Cache-Control: no-cache
Content-Type: application/json; charset=utf-8
host: localhost:61017
accept: */*

Response DefaultHttpResponse(decodeResult: success, version: HTTP/1.1)
HTTP/1.1 200 OK
Content-Type: application/json; charset=utf-8
cache-control: no-cache
content-length: 14

22:10:29.398 [AsyncHttpClient-1-2] DEBUG org.asynchttpclient.netty.channel.ChannelManager - Adding key: http://localhost:61017 for channel [id: 0x57c199bc, L:/127.0.0.1:53005 - R:localhost/127.0.0.1:61017]
22:10:29.401 [Forwarding findElement on session f2346aad5862ff59a3bdcc8f9874999b to remote] DEBUG org.asynchttpclient.netty.request.NettyRequestSender - Using pooled Channel '[id: 0x57c199bc, L:/127.0.0.1:53005 - R:localhost/127.0.0.1:61017]' for 'POST' to 'http://localhost:61017/session/f2346aad5862ff59a3bdcc8f9874999b/element'
22:10:29.401 [Forwarding findElement on session f2346aad5862ff59a3bdcc8f9874999b to remote] DEBUG org.asynchttpclient.netty.request.NettyRequestSender - Using open Channel [id: 0x57c199bc, L:/127.0.0.1:53005 - R:localhost/127.0.0.1:61017] for POST '/session/f2346aad5862ff59a3bdcc8f9874999b/element'
22:10:29.408 [AsyncHttpClient-1-2] DEBUG org.asynchttpclient.netty.handler.HttpHandler - 

Request DefaultHttpRequest(decodeResult: success, version: HTTP/1.1)
POST /session/f2346aad5862ff59a3bdcc8f9874999b/element HTTP/1.1
User-Agent: selenium/4.1.2 (java windows)
Content-Length: 74
Content-Type: application/json; charset=utf-8
host: localhost:61017
accept: */*

Response DefaultHttpResponse(decodeResult: success, version: HTTP/1.1)
HTTP/1.1 200 OK
Content-Type: application/json; charset=utf-8
cache-control: no-cache
content-length: 88

22:10:29.409 [AsyncHttpClient-1-2] DEBUG org.asynchttpclient.netty.channel.ChannelManager - Adding key: http://localhost:61017 for channel [id: 0x57c199bc, L:/127.0.0.1:53005 - R:localhost/127.0.0.1:61017]
22:10:29.411 [Forwarding clickElement on session f2346aad5862ff59a3bdcc8f9874999b to remote] DEBUG org.asynchttpclient.netty.request.NettyRequestSender - Using pooled Channel '[id: 0x57c199bc, L:/127.0.0.1:53005 - R:localhost/127.0.0.1:61017]' for 'POST' to 'http://localhost:61017/session/f2346aad5862ff59a3bdcc8f9874999b/element/04cc7801-ed4d-414c-bf2f-8638c2eeb2fb/click'
22:10:29.411 [Forwarding clickElement on session f2346aad5862ff59a3bdcc8f9874999b to remote] DEBUG org.asynchttpclient.netty.request.NettyRequestSender - Using open Channel [id: 0x57c199bc, L:/127.0.0.1:53005 - R:localhost/127.0.0.1:61017] for POST '/session/f2346aad5862ff59a3bdcc8f9874999b/element/04cc7801-ed4d-414c-bf2f-8638c2eeb2fb/click'
22:10:29.451 [AsyncHttpClient-1-2] DEBUG org.asynchttpclient.netty.handler.HttpHandler - 

Request DefaultHttpRequest(decodeResult: success, version: HTTP/1.1)
POST /session/f2346aad5862ff59a3bdcc8f9874999b/element/04cc7801-ed4d-414c-bf2f-8638c2eeb2fb/click HTTP/1.1
User-Agent: selenium/4.1.2 (java windows)
Content-Length: 50
Content-Type: application/json; charset=utf-8
host: localhost:61017
accept: */*

Response DefaultHttpResponse(decodeResult: success, version: HTTP/1.1)
HTTP/1.1 200 OK
Content-Type: application/json; charset=utf-8
cache-control: no-cache
content-length: 14

22:10:29.451 [AsyncHttpClient-1-2] DEBUG org.asynchttpclient.netty.channel.ChannelManager - Adding key: http://localhost:61017 for channel [id: 0x57c199bc, L:/127.0.0.1:53005 - R:localhost/127.0.0.1:61017]
  &amp#27;[32mAnd &amp#27;[0m&amp#27;[32mi click bayar button&amp#27;[0m                   &amp#27;[90m# starter.stepdefinitions.transStep.iClickBayarButton()&amp#27;[0m
22:10:29.462 [Forwarding screenshot on session f2346aad5862ff59a3bdcc8f9874999b to remote] DEBUG org.asynchttpclient.netty.request.NettyRequestSender - Using pooled Channel '[id: 0x57c199bc, L:/127.0.0.1:53005 - R:localhost/127.0.0.1:61017]' for 'GET' to 'http://localhost:61017/session/f2346aad5862ff59a3bdcc8f9874999b/screenshot'
22:10:29.462 [Forwarding screenshot on session f2346aad5862ff59a3bdcc8f9874999b to remote] DEBUG org.asynchttpclient.netty.request.NettyRequestSender - Using open Channel [id: 0x57c199bc, L:/127.0.0.1:53005 - R:localhost/127.0.0.1:61017] for GET '/session/f2346aad5862ff59a3bdcc8f9874999b/screenshot'
22:10:29.650 [AsyncHttpClient-1-2] DEBUG org.asynchttpclient.netty.handler.HttpHandler - 

Request DefaultFullHttpRequest(decodeResult: success, version: HTTP/1.1, content: EmptyByteBufBE)
GET /session/f2346aad5862ff59a3bdcc8f9874999b/screenshot HTTP/1.1
User-Agent: selenium/4.1.2 (java windows)
Cache-Control: no-cache
Content-Type: application/json; charset=utf-8
host: localhost:61017
accept: */*

Response DefaultHttpResponse(decodeResult: success, version: HTTP/1.1)
HTTP/1.1 200 OK
Content-Type: application/json; charset=utf-8
cache-control: no-cache
content-length: 39740

22:10:29.651 [AsyncHttpClient-1-2] DEBUG org.asynchttpclient.netty.channel.ChannelManager - Adding key: http://localhost:61017 for channel [id: 0x57c199bc, L:/127.0.0.1:53005 - R:localhost/127.0.0.1:61017]
22:10:29.653 [main] DEBUG net.serenitybdd.core.photography.Darkroom - Send negative for processing for target\site\serenity\6853e1853038d725cab6d6e66e7085c94d3dcb5c88dd412a95fbfc0feb1da090.png
22:10:29.654 [Darkroom Processing Line] DEBUG net.serenitybdd.core.photography.DarkroomProcessingLine - Processing screenshot image in /var/screenshots/screenshot-2677698397673504128
22:10:29.654 [Darkroom Processing Line] DEBUG net.serenitybdd.core.photography.DarkroomProcessingLine - Saving screenshot to target\site\serenity\6853e1853038d725cab6d6e66e7085c94d3dcb5c88dd412a95fbfc0feb1da090.png
22:10:29.904 [AsyncHttpClient-1-1] DEBUG org.asynchttpclient.netty.channel.DefaultChannelPool - Entry count for : http://localhost:53007 : 1
22:10:29.904 [AsyncHttpClient-1-1] DEBUG org.asynchttpclient.netty.channel.DefaultChannelPool - Entry count for : http://localhost:61017 : 1
22:10:30.066 [Forwarding screenshot on session f2346aad5862ff59a3bdcc8f9874999b to remote] DEBUG org.asynchttpclient.netty.request.NettyRequestSender - Using pooled Channel '[id: 0x57c199bc, L:/127.0.0.1:53005 - R:localhost/127.0.0.1:61017]' for 'GET' to 'http://localhost:61017/session/f2346aad5862ff59a3bdcc8f9874999b/screenshot'
22:10:30.066 [Forwarding screenshot on session f2346aad5862ff59a3bdcc8f9874999b to remote] DEBUG org.asynchttpclient.netty.request.NettyRequestSender - Using open Channel [id: 0x57c199bc, L:/127.0.0.1:53005 - R:localhost/127.0.0.1:61017] for GET '/session/f2346aad5862ff59a3bdcc8f9874999b/screenshot'
22:10:30.198 [AsyncHttpClient-1-2] DEBUG org.asynchttpclient.netty.handler.HttpHandler - 

Request DefaultFullHttpRequest(decodeResult: success, version: HTTP/1.1, content: EmptyByteBufBE)
GET /session/f2346aad5862ff59a3bdcc8f9874999b/screenshot HTTP/1.1
User-Agent: selenium/4.1.2 (java windows)
Cache-Control: no-cache
Content-Type: application/json; charset=utf-8
host: localhost:61017
accept: */*

Response DefaultHttpResponse(decodeResult: success, version: HTTP/1.1)
HTTP/1.1 200 OK
Content-Type: application/json; charset=utf-8
cache-control: no-cache
content-length: 38448

22:10:30.199 [AsyncHttpClient-1-2] DEBUG org.asynchttpclient.netty.channel.ChannelManager - Adding key: http://localhost:61017 for channel [id: 0x57c199bc, L:/127.0.0.1:53005 - R:localhost/127.0.0.1:61017]
22:10:30.201 [main] DEBUG net.serenitybdd.core.photography.Darkroom - Send negative for processing for target\site\serenity\3eb7f7193ad53c7fb45e97e34c6c9cc6e67a832a21f2c94ec027b2006915311f.png
22:10:30.202 [Darkroom Processing Line] DEBUG net.serenitybdd.core.photography.DarkroomProcessingLine - Processing screenshot image in /var/screenshots/screenshot-16172652532644673516
22:10:30.202 [Darkroom Processing Line] DEBUG net.serenitybdd.core.photography.DarkroomProcessingLine - Saving screenshot to target\site\serenity\3eb7f7193ad53c7fb45e97e34c6c9cc6e67a832a21f2c94ec027b2006915311f.png
22:10:30.204 [main] DEBUG net.thucydides.core.steps.StepInterceptor - STARTING STEP: stepdefinition.iAmOnLoginPage - openUrl
22:10:30.204 [Forwarding get on session f2346aad5862ff59a3bdcc8f9874999b to remote] DEBUG org.asynchttpclient.netty.request.NettyRequestSender - Using pooled Channel '[id: 0x57c199bc, L:/127.0.0.1:53005 - R:localhost/127.0.0.1:61017]' for 'POST' to 'http://localhost:61017/session/f2346aad5862ff59a3bdcc8f9874999b/url'
22:10:30.204 [Forwarding get on session f2346aad5862ff59a3bdcc8f9874999b to remote] DEBUG org.asynchttpclient.netty.request.NettyRequestSender - Using open Channel [id: 0x57c199bc, L:/127.0.0.1:53005 - R:localhost/127.0.0.1:61017] for POST '/session/f2346aad5862ff59a3bdcc8f9874999b/url'
22:10:30.398 [AsyncHttpClient-1-2] DEBUG org.asynchttpclient.netty.handler.HttpHandler - 

Request DefaultHttpRequest(decodeResult: success, version: HTTP/1.1)
POST /session/f2346aad5862ff59a3bdcc8f9874999b/url HTTP/1.1
User-Agent: selenium/4.1.2 (java windows)
Content-Length: 49
Content-Type: application/json; charset=utf-8
host: localhost:61017
accept: */*

Response DefaultHttpResponse(decodeResult: success, version: HTTP/1.1)
HTTP/1.1 200 OK
Content-Type: application/json; charset=utf-8
cache-control: no-cache
content-length: 14

22:10:30.399 [AsyncHttpClient-1-2] DEBUG org.asynchttpclient.netty.channel.ChannelManager - Adding key: http://localhost:61017 for channel [id: 0x57c199bc, L:/127.0.0.1:53005 - R:localhost/127.0.0.1:61017]
22:10:30.405 [Forwarding getCurrentUrl on session f2346aad5862ff59a3bdcc8f9874999b to remote] DEBUG org.asynchttpclient.netty.request.NettyRequestSender - Using pooled Channel '[id: 0x57c199bc, L:/127.0.0.1:53005 - R:localhost/127.0.0.1:61017]' for 'GET' to 'http://localhost:61017/session/f2346aad5862ff59a3bdcc8f9874999b/url'
22:10:30.405 [Forwarding getCurrentUrl on session f2346aad5862ff59a3bdcc8f9874999b to remote] DEBUG org.asynchttpclient.netty.request.NettyRequestSender - Using open Channel [id: 0x57c199bc, L:/127.0.0.1:53005 - R:localhost/127.0.0.1:61017] for GET '/session/f2346aad5862ff59a3bdcc8f9874999b/url'
22:10:30.410 [AsyncHttpClient-1-2] DEBUG org.asynchttpclient.netty.handler.HttpHandler - 

Request DefaultFullHttpRequest(decodeResult: success, version: HTTP/1.1, content: EmptyByteBufBE)
GET /session/f2346aad5862ff59a3bdcc8f9874999b/url HTTP/1.1
User-Agent: selenium/4.1.2 (java windows)
Cache-Control: no-cache
Content-Type: application/json; charset=utf-8
host: localhost:61017
accept: */*

Response DefaultHttpResponse(decodeResult: success, version: HTTP/1.1)
HTTP/1.1 200 OK
Content-Type: application/json; charset=utf-8
cache-control: no-cache
content-length: 31

22:10:30.410 [AsyncHttpClient-1-2] DEBUG org.asynchttpclient.netty.channel.ChannelManager - Adding key: http://localhost:61017 for channel [id: 0x57c199bc, L:/127.0.0.1:53005 - R:localhost/127.0.0.1:61017]
22:10:30.418 [Forwarding screenshot on session f2346aad5862ff59a3bdcc8f9874999b to remote] DEBUG org.asynchttpclient.netty.request.NettyRequestSender - Using pooled Channel '[id: 0x57c199bc, L:/127.0.0.1:53005 - R:localhost/127.0.0.1:61017]' for 'GET' to 'http://localhost:61017/session/f2346aad5862ff59a3bdcc8f9874999b/screenshot'
22:10:30.418 [Forwarding screenshot on session f2346aad5862ff59a3bdcc8f9874999b to remote] DEBUG org.asynchttpclient.netty.request.NettyRequestSender - Using open Channel [id: 0x57c199bc, L:/127.0.0.1:53005 - R:localhost/127.0.0.1:61017] for GET '/session/f2346aad5862ff59a3bdcc8f9874999b/screenshot'
22:10:30.600 [AsyncHttpClient-1-2] DEBUG org.asynchttpclient.netty.handler.HttpHandler - 

Request DefaultFullHttpRequest(decodeResult: success, version: HTTP/1.1, content: EmptyByteBufBE)
GET /session/f2346aad5862ff59a3bdcc8f9874999b/screenshot HTTP/1.1
User-Agent: selenium/4.1.2 (java windows)
Cache-Control: no-cache
Content-Type: application/json; charset=utf-8
host: localhost:61017
accept: */*

Response DefaultHttpResponse(decodeResult: success, version: HTTP/1.1)
HTTP/1.1 200 OK
Content-Type: application/json; charset=utf-8
cache-control: no-cache
content-length: 30116

22:10:30.600 [AsyncHttpClient-1-2] DEBUG org.asynchttpclient.netty.channel.ChannelManager - Adding key: http://localhost:61017 for channel [id: 0x57c199bc, L:/127.0.0.1:53005 - R:localhost/127.0.0.1:61017]
22:10:30.603 [main] DEBUG net.serenitybdd.core.photography.Darkroom - Send negative for processing for target\site\serenity\caf270ae40b674e3881d198686a53f2de00dc2223977f25c145227ebf98401ab.png
22:10:30.604 [main] DEBUG net.thucydides.core.steps.StepInterceptor - STEP DONE: openUrl
22:10:30.604 [Darkroom Processing Line] DEBUG net.serenitybdd.core.photography.DarkroomProcessingLine - Processing screenshot image in /var/screenshots/screenshot-12016261042394984910
22:10:30.604 [Darkroom Processing Line] DEBUG net.serenitybdd.core.photography.DarkroomProcessingLine - Saving screenshot to target\site\serenity\caf270ae40b674e3881d198686a53f2de00dc2223977f25c145227ebf98401ab.png
22:10:30.612 [main] DEBUG net.thucydides.core.steps.StepInterceptor - STARTING STEP: stepdefinition.iAmOnLoginPage - clickIconLogin
22:10:30.622 [Forwarding findElement on session f2346aad5862ff59a3bdcc8f9874999b to remote] DEBUG org.asynchttpclient.netty.request.NettyRequestSender - Using pooled Channel '[id: 0x57c199bc, L:/127.0.0.1:53005 - R:localhost/127.0.0.1:61017]' for 'POST' to 'http://localhost:61017/session/f2346aad5862ff59a3bdcc8f9874999b/element'
22:10:30.622 [Forwarding findElement on session f2346aad5862ff59a3bdcc8f9874999b to remote] DEBUG org.asynchttpclient.netty.request.NettyRequestSender - Using open Channel [id: 0x57c199bc, L:/127.0.0.1:53005 - R:localhost/127.0.0.1:61017] for POST '/session/f2346aad5862ff59a3bdcc8f9874999b/element'
22:10:30.637 [AsyncHttpClient-1-2] DEBUG org.asynchttpclient.netty.handler.HttpHandler - 

Request DefaultHttpRequest(decodeResult: success, version: HTTP/1.1)
POST /session/f2346aad5862ff59a3bdcc8f9874999b/element HTTP/1.1
User-Agent: selenium/4.1.2 (java windows)
Content-Length: 170
Content-Type: application/json; charset=utf-8
host: localhost:61017
accept: */*

Response DefaultHttpResponse(decodeResult: success, version: HTTP/1.1)
HTTP/1.1 200 OK
Content-Type: application/json; charset=utf-8
cache-control: no-cache
content-length: 88

22:10:30.637 [AsyncHttpClient-1-2] DEBUG org.asynchttpclient.netty.channel.ChannelManager - Adding key: http://localhost:61017 for channel [id: 0x57c199bc, L:/127.0.0.1:53005 - R:localhost/127.0.0.1:61017]
22:10:30.640 [Forwarding getElementTagName on session f2346aad5862ff59a3bdcc8f9874999b to remote] DEBUG org.asynchttpclient.netty.request.NettyRequestSender - Using pooled Channel '[id: 0x57c199bc, L:/127.0.0.1:53005 - R:localhost/127.0.0.1:61017]' for 'GET' to 'http://localhost:61017/session/f2346aad5862ff59a3bdcc8f9874999b/element/02299ded-65a9-497c-9970-e26c529ed081/name'
22:10:30.640 [Forwarding getElementTagName on session f2346aad5862ff59a3bdcc8f9874999b to remote] DEBUG org.asynchttpclient.netty.request.NettyRequestSender - Using open Channel [id: 0x57c199bc, L:/127.0.0.1:53005 - R:localhost/127.0.0.1:61017] for GET '/session/f2346aad5862ff59a3bdcc8f9874999b/element/02299ded-65a9-497c-9970-e26c529ed081/name'
22:10:30.646 [AsyncHttpClient-1-2] DEBUG org.asynchttpclient.netty.handler.HttpHandler - 

Request DefaultFullHttpRequest(decodeResult: success, version: HTTP/1.1, content: EmptyByteBufBE)
GET /session/f2346aad5862ff59a3bdcc8f9874999b/element/02299ded-65a9-497c-9970-e26c529ed081/name HTTP/1.1
User-Agent: selenium/4.1.2 (java windows)
Cache-Control: no-cache
Content-Type: application/json; charset=utf-8
host: localhost:61017
accept: */*

Response DefaultHttpResponse(decodeResult: success, version: HTTP/1.1)
HTTP/1.1 200 OK
Content-Type: application/json; charset=utf-8
cache-control: no-cache
content-length: 13

22:10:30.646 [AsyncHttpClient-1-2] DEBUG org.asynchttpclient.netty.channel.ChannelManager - Adding key: http://localhost:61017 for channel [id: 0x57c199bc, L:/127.0.0.1:53005 - R:localhost/127.0.0.1:61017]
22:10:30.651 [Forwarding getElementTagName on session f2346aad5862ff59a3bdcc8f9874999b to remote] DEBUG org.asynchttpclient.netty.request.NettyRequestSender - Using pooled Channel '[id: 0x57c199bc, L:/127.0.0.1:53005 - R:localhost/127.0.0.1:61017]' for 'GET' to 'http://localhost:61017/session/f2346aad5862ff59a3bdcc8f9874999b/element/02299ded-65a9-497c-9970-e26c529ed081/name'
22:10:30.651 [Forwarding getElementTagName on session f2346aad5862ff59a3bdcc8f9874999b to remote] DEBUG org.asynchttpclient.netty.request.NettyRequestSender - Using open Channel [id: 0x57c199bc, L:/127.0.0.1:53005 - R:localhost/127.0.0.1:61017] for GET '/session/f2346aad5862ff59a3bdcc8f9874999b/element/02299ded-65a9-497c-9970-e26c529ed081/name'
22:10:30.655 [AsyncHttpClient-1-2] DEBUG org.asynchttpclient.netty.handler.HttpHandler - 

Request DefaultFullHttpRequest(decodeResult: success, version: HTTP/1.1, content: EmptyByteBufBE)
GET /session/f2346aad5862ff59a3bdcc8f9874999b/element/02299ded-65a9-497c-9970-e26c529ed081/name HTTP/1.1
User-Agent: selenium/4.1.2 (java windows)
Cache-Control: no-cache
Content-Type: application/json; charset=utf-8
host: localhost:61017
accept: */*

Response DefaultHttpResponse(decodeResult: success, version: HTTP/1.1)
HTTP/1.1 200 OK
Content-Type: application/json; charset=utf-8
cache-control: no-cache
content-length: 13

22:10:30.655 [AsyncHttpClient-1-2] DEBUG org.asynchttpclient.netty.channel.ChannelManager - Adding key: http://localhost:61017 for channel [id: 0x57c199bc, L:/127.0.0.1:53005 - R:localhost/127.0.0.1:61017]
22:10:30.659 [Forwarding findElement on session f2346aad5862ff59a3bdcc8f9874999b to remote] DEBUG org.asynchttpclient.netty.request.NettyRequestSender - Using pooled Channel '[id: 0x57c199bc, L:/127.0.0.1:53005 - R:localhost/127.0.0.1:61017]' for 'POST' to 'http://localhost:61017/session/f2346aad5862ff59a3bdcc8f9874999b/element'
22:10:30.659 [Forwarding findElement on session f2346aad5862ff59a3bdcc8f9874999b to remote] DEBUG org.asynchttpclient.netty.request.NettyRequestSender - Using open Channel [id: 0x57c199bc, L:/127.0.0.1:53005 - R:localhost/127.0.0.1:61017] for POST '/session/f2346aad5862ff59a3bdcc8f9874999b/element'
22:10:30.670 [AsyncHttpClient-1-2] DEBUG org.asynchttpclient.netty.handler.HttpHandler - 

Request DefaultHttpRequest(decodeResult: success, version: HTTP/1.1)
POST /session/f2346aad5862ff59a3bdcc8f9874999b/element HTTP/1.1
User-Agent: selenium/4.1.2 (java windows)
Content-Length: 170
Content-Type: application/json; charset=utf-8
host: localhost:61017
accept: */*

Response DefaultHttpResponse(decodeResult: success, version: HTTP/1.1)
HTTP/1.1 200 OK
Content-Type: application/json; charset=utf-8
cache-control: no-cache
content-length: 88

22:10:30.670 [AsyncHttpClient-1-2] DEBUG org.asynchttpclient.netty.channel.ChannelManager - Adding key: http://localhost:61017 for channel [id: 0x57c199bc, L:/127.0.0.1:53005 - R:localhost/127.0.0.1:61017]
22:10:30.673 [Forwarding clickElement on session f2346aad5862ff59a3bdcc8f9874999b to remote] DEBUG org.asynchttpclient.netty.request.NettyRequestSender - Using pooled Channel '[id: 0x57c199bc, L:/127.0.0.1:53005 - R:localhost/127.0.0.1:61017]' for 'POST' to 'http://localhost:61017/session/f2346aad5862ff59a3bdcc8f9874999b/element/02299ded-65a9-497c-9970-e26c529ed081/click'
22:10:30.673 [Forwarding clickElement on session f2346aad5862ff59a3bdcc8f9874999b to remote] DEBUG org.asynchttpclient.netty.request.NettyRequestSender - Using open Channel [id: 0x57c199bc, L:/127.0.0.1:53005 - R:localhost/127.0.0.1:61017] for POST '/session/f2346aad5862ff59a3bdcc8f9874999b/element/02299ded-65a9-497c-9970-e26c529ed081/click'
22:10:31.007 [AsyncHttpClient-1-1] DEBUG org.asynchttpclient.netty.channel.DefaultChannelPool - Entry count for : http://localhost:53007 : 1
22:10:31.064 [AsyncHttpClient-1-2] DEBUG org.asynchttpclient.netty.handler.HttpHandler - 

Request DefaultHttpRequest(decodeResult: success, version: HTTP/1.1)
POST /session/f2346aad5862ff59a3bdcc8f9874999b/element/02299ded-65a9-497c-9970-e26c529ed081/click HTTP/1.1
User-Agent: selenium/4.1.2 (java windows)
Content-Length: 50
Content-Type: application/json; charset=utf-8
host: localhost:61017
accept: */*

Response DefaultHttpResponse(decodeResult: success, version: HTTP/1.1)
HTTP/1.1 200 OK
Content-Type: application/json; charset=utf-8
cache-control: no-cache
content-length: 14

22:10:31.065 [AsyncHttpClient-1-2] DEBUG org.asynchttpclient.netty.channel.ChannelManager - Adding key: http://localhost:61017 for channel [id: 0x57c199bc, L:/127.0.0.1:53005 - R:localhost/127.0.0.1:61017]
22:10:31.076 [Forwarding screenshot on session f2346aad5862ff59a3bdcc8f9874999b to remote] DEBUG org.asynchttpclient.netty.request.NettyRequestSender - Using pooled Channel '[id: 0x57c199bc, L:/127.0.0.1:53005 - R:localhost/127.0.0.1:61017]' for 'GET' to 'http://localhost:61017/session/f2346aad5862ff59a3bdcc8f9874999b/screenshot'
22:10:31.076 [Forwarding screenshot on session f2346aad5862ff59a3bdcc8f9874999b to remote] DEBUG org.asynchttpclient.netty.request.NettyRequestSender - Using open Channel [id: 0x57c199bc, L:/127.0.0.1:53005 - R:localhost/127.0.0.1:61017] for GET '/session/f2346aad5862ff59a3bdcc8f9874999b/screenshot'
22:10:31.321 [AsyncHttpClient-1-2] DEBUG org.asynchttpclient.netty.handler.HttpHandler - 

Request DefaultFullHttpRequest(decodeResult: success, version: HTTP/1.1, content: EmptyByteBufBE)
GET /session/f2346aad5862ff59a3bdcc8f9874999b/screenshot HTTP/1.1
User-Agent: selenium/4.1.2 (java windows)
Cache-Control: no-cache
Content-Type: application/json; charset=utf-8
host: localhost:61017
accept: */*

Response DefaultHttpResponse(decodeResult: success, version: HTTP/1.1)
HTTP/1.1 200 OK
Content-Type: application/json; charset=utf-8
cache-control: no-cache
content-length: 40964

22:10:31.322 [AsyncHttpClient-1-2] DEBUG org.asynchttpclient.netty.channel.ChannelManager - Adding key: http://localhost:61017 for channel [id: 0x57c199bc, L:/127.0.0.1:53005 - R:localhost/127.0.0.1:61017]
22:10:31.325 [main] DEBUG net.serenitybdd.core.photography.Darkroom - Send negative for processing for target\site\serenity\1338f52c7db2588fed7fd81f9843cc507d42325560f53541d768488bee97d4fa.png
22:10:31.326 [main] DEBUG net.thucydides.core.steps.StepInterceptor - STEP DONE: clickIconLogin
22:10:31.326 [Darkroom Processing Line] DEBUG net.serenitybdd.core.photography.DarkroomProcessingLine - Processing screenshot image in /var/screenshots/screenshot-2092813748081796827
22:10:31.326 [Darkroom Processing Line] DEBUG net.serenitybdd.core.photography.DarkroomProcessingLine - Saving screenshot to target\site\serenity\1338f52c7db2588fed7fd81f9843cc507d42325560f53541d768488bee97d4fa.png
  &amp#27;[32mAnd &amp#27;[0m&amp#27;[32mi am on login page&amp#27;[0m                     &amp#27;[90m# starter.stepdefinitions.stepdefinition.iAmOnLoginPage()&amp#27;[0m
22:10:31.342 [Forwarding get on session f2346aad5862ff59a3bdcc8f9874999b to remote] DEBUG org.asynchttpclient.netty.request.NettyRequestSender - Using pooled Channel '[id: 0x57c199bc, L:/127.0.0.1:53005 - R:localhost/127.0.0.1:61017]' for 'POST' to 'http://localhost:61017/session/f2346aad5862ff59a3bdcc8f9874999b/url'
22:10:31.342 [Forwarding get on session f2346aad5862ff59a3bdcc8f9874999b to remote] DEBUG org.asynchttpclient.netty.request.NettyRequestSender - Using open Channel [id: 0x57c199bc, L:/127.0.0.1:53005 - R:localhost/127.0.0.1:61017] for POST '/session/f2346aad5862ff59a3bdcc8f9874999b/url'
22:10:31.952 [AsyncHttpClient-1-2] DEBUG org.asynchttpclient.netty.handler.HttpHandler - 

Request DefaultHttpRequest(decodeResult: success, version: HTTP/1.1)
POST /session/f2346aad5862ff59a3bdcc8f9874999b/url HTTP/1.1
User-Agent: selenium/4.1.2 (java windows)
Content-Length: 67
Content-Type: application/json; charset=utf-8
host: localhost:61017
accept: */*

Response DefaultHttpResponse(decodeResult: success, version: HTTP/1.1)
HTTP/1.1 200 OK
Content-Type: application/json; charset=utf-8
cache-control: no-cache
content-length: 14

22:10:31.953 [AsyncHttpClient-1-2] DEBUG org.asynchttpclient.netty.channel.ChannelManager - Adding key: http://localhost:61017 for channel [id: 0x57c199bc, L:/127.0.0.1:53005 - R:localhost/127.0.0.1:61017]
22:10:31.956 [Forwarding getCurrentUrl on session f2346aad5862ff59a3bdcc8f9874999b to remote] DEBUG org.asynchttpclient.netty.request.NettyRequestSender - Using pooled Channel '[id: 0x57c199bc, L:/127.0.0.1:53005 - R:localhost/127.0.0.1:61017]' for 'GET' to 'http://localhost:61017/session/f2346aad5862ff59a3bdcc8f9874999b/url'
22:10:31.956 [Forwarding getCurrentUrl on session f2346aad5862ff59a3bdcc8f9874999b to remote] DEBUG org.asynchttpclient.netty.request.NettyRequestSender - Using open Channel [id: 0x57c199bc, L:/127.0.0.1:53005 - R:localhost/127.0.0.1:61017] for GET '/session/f2346aad5862ff59a3bdcc8f9874999b/url'
22:10:31.963 [AsyncHttpClient-1-2] DEBUG org.asynchttpclient.netty.handler.HttpHandler - 

Request DefaultFullHttpRequest(decodeResult: success, version: HTTP/1.1, content: EmptyByteBufBE)
GET /session/f2346aad5862ff59a3bdcc8f9874999b/url HTTP/1.1
User-Agent: selenium/4.1.2 (java windows)
Cache-Control: no-cache
Content-Type: application/json; charset=utf-8
host: localhost:61017
accept: */*

Response DefaultHttpResponse(decodeResult: success, version: HTTP/1.1)
HTTP/1.1 200 OK
Content-Type: application/json; charset=utf-8
cache-control: no-cache
content-length: 44

22:10:31.963 [AsyncHttpClient-1-2] DEBUG org.asynchttpclient.netty.channel.ChannelManager - Adding key: http://localhost:61017 for channel [id: 0x57c199bc, L:/127.0.0.1:53005 - R:localhost/127.0.0.1:61017]
  &amp#27;[32mAnd &amp#27;[0m&amp#27;[32mi click register link&amp#27;[0m                  &amp#27;[90m# starter.stepdefinitions.transStep.iClickRegisterLink()&amp#27;[0m
22:10:31.972 [Forwarding screenshot on session f2346aad5862ff59a3bdcc8f9874999b to remote] DEBUG org.asynchttpclient.netty.request.NettyRequestSender - Using pooled Channel '[id: 0x57c199bc, L:/127.0.0.1:53005 - R:localhost/127.0.0.1:61017]' for 'GET' to 'http://localhost:61017/session/f2346aad5862ff59a3bdcc8f9874999b/screenshot'
22:10:31.972 [Forwarding screenshot on session f2346aad5862ff59a3bdcc8f9874999b to remote] DEBUG org.asynchttpclient.netty.request.NettyRequestSender - Using open Channel [id: 0x57c199bc, L:/127.0.0.1:53005 - R:localhost/127.0.0.1:61017] for GET '/session/f2346aad5862ff59a3bdcc8f9874999b/screenshot'
22:10:32.080 [AsyncHttpClient-1-2] DEBUG org.asynchttpclient.netty.handler.HttpHandler - 

Request DefaultFullHttpRequest(decodeResult: success, version: HTTP/1.1, content: EmptyByteBufBE)
GET /session/f2346aad5862ff59a3bdcc8f9874999b/screenshot HTTP/1.1
User-Agent: selenium/4.1.2 (java windows)
Cache-Control: no-cache
Content-Type: application/json; charset=utf-8
host: localhost:61017
accept: */*

Response DefaultHttpResponse(decodeResult: success, version: HTTP/1.1)
HTTP/1.1 200 OK
Content-Type: application/json; charset=utf-8
cache-control: no-cache
content-length: 44716

22:10:32.080 [AsyncHttpClient-1-2] DEBUG org.asynchttpclient.netty.channel.ChannelManager - Adding key: http://localhost:61017 for channel [id: 0x57c199bc, L:/127.0.0.1:53005 - R:localhost/127.0.0.1:61017]
22:10:32.080 [main] DEBUG net.serenitybdd.core.photography.Darkroom - Send negative for processing for target\site\serenity\33ddfa6718aa2f09fc0e18bea197612047bccd0f362db96346f936c9007dfd9e.png
22:10:32.080 [Darkroom Processing Line] DEBUG net.serenitybdd.core.photography.DarkroomProcessingLine - Processing screenshot image in /var/screenshots/screenshot-809307831333263996
22:10:32.080 [Darkroom Processing Line] DEBUG net.serenitybdd.core.photography.DarkroomProcessingLine - Saving screenshot to target\site\serenity\33ddfa6718aa2f09fc0e18bea197612047bccd0f362db96346f936c9007dfd9e.png
22:10:32.101 [Forwarding findElement on session f2346aad5862ff59a3bdcc8f9874999b to remote] DEBUG org.asynchttpclient.netty.request.NettyRequestSender - Using pooled Channel '[id: 0x57c199bc, L:/127.0.0.1:53005 - R:localhost/127.0.0.1:61017]' for 'POST' to 'http://localhost:61017/session/f2346aad5862ff59a3bdcc8f9874999b/element'
22:10:32.101 [Forwarding findElement on session f2346aad5862ff59a3bdcc8f9874999b to remote] DEBUG org.asynchttpclient.netty.request.NettyRequestSender - Using open Channel [id: 0x57c199bc, L:/127.0.0.1:53005 - R:localhost/127.0.0.1:61017] for POST '/session/f2346aad5862ff59a3bdcc8f9874999b/element'
22:10:32.104 [AsyncHttpClient-1-1] DEBUG org.asynchttpclient.netty.channel.DefaultChannelPool - Entry count for : http://localhost:53007 : 1
22:10:32.104 [AsyncHttpClient-1-2] DEBUG org.asynchttpclient.netty.handler.HttpHandler - 

Request DefaultHttpRequest(decodeResult: success, version: HTTP/1.1)
POST /session/f2346aad5862ff59a3bdcc8f9874999b/element HTTP/1.1
User-Agent: selenium/4.1.2 (java windows)
Content-Length: 86
Content-Type: application/json; charset=utf-8
host: localhost:61017
accept: */*

Response DefaultHttpResponse(decodeResult: success, version: HTTP/1.1)
HTTP/1.1 200 OK
Content-Type: application/json; charset=utf-8
cache-control: no-cache
content-length: 88

22:10:32.104 [AsyncHttpClient-1-2] DEBUG org.asynchttpclient.netty.channel.ChannelManager - Adding key: http://localhost:61017 for channel [id: 0x57c199bc, L:/127.0.0.1:53005 - R:localhost/127.0.0.1:61017]
22:10:32.119 [Forwarding isElementDisplayed on session f2346aad5862ff59a3bdcc8f9874999b to remote] DEBUG org.asynchttpclient.netty.request.NettyRequestSender - Using pooled Channel '[id: 0x57c199bc, L:/127.0.0.1:53005 - R:localhost/127.0.0.1:61017]' for 'POST' to 'http://localhost:61017/session/f2346aad5862ff59a3bdcc8f9874999b/execute/sync'
22:10:32.119 [Forwarding isElementDisplayed on session f2346aad5862ff59a3bdcc8f9874999b to remote] DEBUG org.asynchttpclient.netty.request.NettyRequestSender - Using open Channel [id: 0x57c199bc, L:/127.0.0.1:53005 - R:localhost/127.0.0.1:61017] for POST '/session/f2346aad5862ff59a3bdcc8f9874999b/execute/sync'
22:10:32.135 [AsyncHttpClient-1-2] DEBUG org.asynchttpclient.netty.handler.HttpHandler - 

Request DefaultHttpRequest(decodeResult: success, version: HTTP/1.1)
POST /session/f2346aad5862ff59a3bdcc8f9874999b/execute/sync HTTP/1.1
User-Agent: selenium/4.1.2 (java windows)
Content-Length: 48780
Content-Type: application/json; charset=utf-8
host: localhost:61017
accept: */*

Response DefaultHttpResponse(decodeResult: success, version: HTTP/1.1)
HTTP/1.1 200 OK
Content-Type: application/json; charset=utf-8
cache-control: no-cache
content-length: 14

22:10:32.135 [AsyncHttpClient-1-2] DEBUG org.asynchttpclient.netty.channel.ChannelManager - Adding key: http://localhost:61017 for channel [id: 0x57c199bc, L:/127.0.0.1:53005 - R:localhost/127.0.0.1:61017]
  &amp#27;[32mThen &amp#27;[0m&amp#27;[32mi am on register page&amp#27;[0m                 &amp#27;[90m# starter.stepdefinitions.transStep.iAmOnRegisterPage()&amp#27;[0m
22:10:32.135 [Forwarding screenshot on session f2346aad5862ff59a3bdcc8f9874999b to remote] DEBUG org.asynchttpclient.netty.request.NettyRequestSender - Using pooled Channel '[id: 0x57c199bc, L:/127.0.0.1:53005 - R:localhost/127.0.0.1:61017]' for 'GET' to 'http://localhost:61017/session/f2346aad5862ff59a3bdcc8f9874999b/screenshot'
22:10:32.135 [Forwarding screenshot on session f2346aad5862ff59a3bdcc8f9874999b to remote] DEBUG org.asynchttpclient.netty.request.NettyRequestSender - Using open Channel [id: 0x57c199bc, L:/127.0.0.1:53005 - R:localhost/127.0.0.1:61017] for GET '/session/f2346aad5862ff59a3bdcc8f9874999b/screenshot'
22:10:32.262 [AsyncHttpClient-1-2] DEBUG org.asynchttpclient.netty.handler.HttpHandler - 

Request DefaultFullHttpRequest(decodeResult: success, version: HTTP/1.1, content: EmptyByteBufBE)
GET /session/f2346aad5862ff59a3bdcc8f9874999b/screenshot HTTP/1.1
User-Agent: selenium/4.1.2 (java windows)
Cache-Control: no-cache
Content-Type: application/json; charset=utf-8
host: localhost:61017
accept: */*

Response DefaultHttpResponse(decodeResult: success, version: HTTP/1.1)
HTTP/1.1 200 OK
Content-Type: application/json; charset=utf-8
cache-control: no-cache
content-length: 44716

22:10:32.262 [AsyncHttpClient-1-2] DEBUG org.asynchttpclient.netty.channel.ChannelManager - Adding key: http://localhost:61017 for channel [id: 0x57c199bc, L:/127.0.0.1:53005 - R:localhost/127.0.0.1:61017]
22:10:32.262 [main] DEBUG net.serenitybdd.core.photography.Darkroom - Send negative for processing for target\site\serenity\33ddfa6718aa2f09fc0e18bea197612047bccd0f362db96346f936c9007dfd9e.png
22:10:32.262 [main] INFO  - 
  _____   ___   ___   _____     ___     _     ___   ___   ___   ___  
 |_   _| | __| / __| |_   _|   | _ \   /_\   / __| / __| | __| |   \ 
   | |   | _|  \__ \   | |     |  _/  / _ \  \__ \ \__ \ | _|  | |) |
   |_|   |___| |___/   |_|     |_|   /_/ \_\ |___/ |___/ |___| |___/ 

buy product without register first
----------------------------------------------------------------------
22:10:32.387 [Driver Command Executor] DEBUG org.asynchttpclient.netty.request.NettyRequestSender - Using pooled Channel '[id: 0x57c199bc, L:/127.0.0.1:53005 - R:localhost/127.0.0.1:61017]' for 'DELETE' to 'http://localhost:61017/session/f2346aad5862ff59a3bdcc8f9874999b'
22:10:32.387 [Driver Command Executor] DEBUG org.asynchttpclient.netty.request.NettyRequestSender - Using open Channel [id: 0x57c199bc, L:/127.0.0.1:53005 - R:localhost/127.0.0.1:61017] for DELETE '/session/f2346aad5862ff59a3bdcc8f9874999b'
22:10:32.390 [AsyncHttpClient-1-4] DEBUG org.asynchttpclient.netty.handler.WebSocketHandler - Channel Closed: [id: 0x6f53d6a0, L:/127.0.0.1:53016 ! R:localhost/127.0.0.1:53007] with attribute NettyResponseFuture{currentRetry=5,
	isDone=1,
	isCancelled=0,
	asyncHandler=org.asynchttpclient.ws.WebSocketUpgradeHandler@1159a870,
	nettyRequest=org.asynchttpclient.netty.request.NettyRequest@16610ac9,
	future=java.util.concurrent.CompletableFuture@773b86fc[Completed normally],
	uri=ws://localhost:53007/devtools/browser/0ad0425b-3b99-4d13-990f-1175545cbba2,
	keepAlive=true,
	redirectCount=0,
	timeoutsHolder=null,
	inAuth=0,
	touch=1651763409102}
22:10:32.390 [AsyncHttpClient-1-4] DEBUG org.asynchttpclient.netty.channel.ChannelManager - Closing Channel [id: 0x6f53d6a0, L:/127.0.0.1:53016 ! R:localhost/127.0.0.1:53007] 
22:10:32.429 [AsyncHttpClient-1-3] DEBUG org.asynchttpclient.netty.handler.HttpHandler - Unexpected I/O exception on channel [id: 0x96a79f1b, L:/127.0.0.1:53015 - R:localhost/127.0.0.1:53007]
java.net.SocketException: Connection reset
	at java.base/sun.nio.ch.SocketChannelImpl.throwConnectionReset(SocketChannelImpl.java:367)
	at java.base/sun.nio.ch.SocketChannelImpl.read(SocketChannelImpl.java:398)
	at io.netty.buffer.PooledByteBuf.setBytes(PooledByteBuf.java:258)
	at io.netty.buffer.AbstractByteBuf.writeBytes(AbstractByteBuf.java:1132)
	at io.netty.channel.socket.nio.NioSocketChannel.doReadBytes(NioSocketChannel.java:350)
	at io.netty.channel.nio.AbstractNioByteChannel$NioByteUnsafe.read(AbstractNioByteChannel.java:151)
	at io.netty.channel.nio.NioEventLoop.processSelectedKey(NioEventLoop.java:722)
	at io.netty.channel.nio.NioEventLoop.processSelectedKeysOptimized(NioEventLoop.java:658)
	at io.netty.channel.nio.NioEventLoop.processSelectedKeys(NioEventLoop.java:584)
	at io.netty.channel.nio.NioEventLoop.run(NioEventLoop.java:496)
	at io.netty.util.concurrent.SingleThreadEventExecutor$4.run(SingleThreadEventExecutor.java:986)
	at io.netty.util.internal.ThreadExecutorMap$2.run(ThreadExecutorMap.java:74)
	at io.netty.util.concurrent.FastThreadLocalRunnable.run(FastThreadLocalRunnable.java:30)
	at java.base/java.lang.Thread.run(Thread.java:832)
22:10:32.429 [AsyncHttpClient-1-3] DEBUG org.asynchttpclient.netty.channel.ChannelManager - Closing Channel [id: 0x96a79f1b, L:/127.0.0.1:53015 - R:localhost/127.0.0.1:53007] 
22:10:32.429 [AsyncHttpClient-1-3] DEBUG org.asynchttpclient.netty.handler.HttpHandler - Channel Closed: [id: 0x96a79f1b, L:/127.0.0.1:53015 ! R:localhost/127.0.0.1:53007] with attribute DISCARD
22:10:32.460 [AsyncHttpClient-1-2] DEBUG org.asynchttpclient.netty.handler.HttpHandler - 

Request DefaultFullHttpRequest(decodeResult: success, version: HTTP/1.1, content: EmptyByteBufBE)
DELETE /session/f2346aad5862ff59a3bdcc8f9874999b HTTP/1.1
User-Agent: selenium/4.1.2 (java windows)
Content-Type: application/json; charset=utf-8
host: localhost:61017
accept: */*

Response DefaultHttpResponse(decodeResult: success, version: HTTP/1.1)
HTTP/1.1 200 OK
Content-Type: application/json; charset=utf-8
cache-control: no-cache
content-length: 14

22:10:32.460 [AsyncHttpClient-1-2] DEBUG org.asynchttpclient.netty.channel.ChannelManager - Adding key: http://localhost:61017 for channel [id: 0x57c199bc, L:/127.0.0.1:53005 - R:localhost/127.0.0.1:61017]
22:10:32.554 [AsyncHttpClient-1-2] DEBUG org.asynchttpclient.netty.handler.HttpHandler - Channel Closed: [id: 0x57c199bc, L:/127.0.0.1:53005 ! R:localhost/127.0.0.1:61017] with attribute DISCARD
]]></system-out>
    <system-err><![CDATA[Starting ChromeDriver 100.0.4896.60 (6a5d10861ce8de5fce22564658033b43cb7de047-refs/branch-heads/4896@{#875}) on port 61017
Only local connections are allowed.
Please see https://chromedriver.chromium.org/security-considerations for suggestions on keeping ChromeDriver safe.
ChromeDriver was started successfully.
May 05, 2022 10:10:09 PM org.openqa.selenium.remote.ProtocolHandshake createSession
INFO: Detected dialect: W3C
May 05, 2022 10:10:09 PM org.openqa.selenium.devtools.CdpVersionFinder findNearestMatch
WARNING: Unable to find an exact match for CDP version 100, so returning the closest version found: 97
May 05, 2022 10:10:09 PM org.openqa.selenium.devtools.CdpVersionFinder findNearestMatch
INFO: Found CDP implementation for version 100 of 97
]]></system-err>
  </testcase>
</testsuite>