<?xml version="1.0" encoding="UTF-8"?><testsuite errors="0" failures="0" name="Products" skipped="0" tests="8" time="17.6" timestamp="2022-05-18 07:58:19"><testcase name="GET - As an user I have to be able to get all products"/><testcase name="POST - As an admin i have to be able to create products"/><testcase name="GET - As a user i have to be able to search product by id"/><testcase name="GET - As a user i cannot get product which is the ID is not created"/><testcase name="GET - As a user i cannot GET product with string input"/><testcase name="POST - As a user i cannot POST product Name with Number"/><testcase name="POST - As a user i cannot POST product Name with Null"/><testcase name="POST - As a user i cannot input price With String"/></testsuite>