<?xml version="1.0" encoding="UTF-8"?><testsuite errors="0" failures="0" name="Ratings" skipped="0" tests="5" time="8.32" timestamp="2022-05-20 09:44:54"><testcase name="As a user i want to see ratings of product"/><testcase name="POST - As a user i want to give ratings on a product"/><testcase name="POST-As a user i can put nothing on product rating"/><testcase name="POST - As a user i can give any character except number for product rating"/><testcase name="POST - As a user i cant give rating over 5"/></testsuite>