<?xml version="1.0" encoding="UTF-8"?>
<testsuite xmlns:xsi="http://www.w3.org/2001/XMLSchema-instance" xsi:schemaLocation="https://maven.apache.org/surefire/maven-surefire-plugin/xsd/surefire-test-report.xsd" name="com.example.acceptancetests.AcceptanceTestSuite" time="6.169" tests="1" errors="1" skipped="0" failures="0">
  <properties>
[...]
</properties>
  <testcase name="Login scenario" classname="Login" time="0.06">
    <error message="The resource &apos;jar:file:/D:/PERKULIAHAN/Semester%206%2cHebatt%20glad!/Mini-Project-Alterra/Mobile/automobile-gladyscapardosi/target/automobile-gladyscapardosi-1.0-SNAPSHOT.jar!/com/example&apos; is located in a nested jar.&#10;&#10;This typically happens when trying to run Cucumber inside a Spring Boot Executable Jar.&#10;Cucumber currently doesn&apos;t support classpath scanning in nested jars.&#10;Feel free to send a pull request to make this possible!&#10;&#10;You can avoid this error by unpacking your application before executing." type="io.cucumber.core.exception.CucumberException">io.cucumber.core.exception.CucumberException: 
The resource 'jar:file:/D:/PERKULIAHAN/Semester%206%2cHebatt%20glad!/Mini-Project-Alterra/Mobile/automobile-gladyscapardosi/target/automobile-gladyscapardosi-1.0-SNAPSHOT.jar!/com/example' is located in a nested jar.

This typically happens when trying to run Cucumber inside a Spring Boot Executable Jar.
Cucumber currently doesn't support classpath scanning in nested jars.
Feel free to send a pull request to make this possible!

You can avoid this error by unpacking your application before executing.
</error>
    <system-err><![CDATA[[main] INFO io.cucumber.core.plugin.SerenityReporter - Running feature from file:///D:/PERKULIAHAN/Semester%206,Hebatt%20glad!/Mini-Project-Alterra/Mobile/automobile-gladyscapardosi/src/test/resources/features/login.feature
[main] INFO  - 

-------------------------------------------------------------------------------------
     _______. _______ .______       _______ .__   __.  __  .___________.____    ____ 
    /       ||   ____||   _  \     |   ____||  \ |  | |  | |           |\   \  /   / 
   |   (----`|  |__   |  |_)  |    |  |__   |   \|  | |  | `---|  |----` \   \/   /  
    \   \    |   __|  |      /     |   __|  |  . `  | |  |     |  |       \_    _/   
.----)   |   |  |____ |  |\  \----.|  |____ |  |\   | |  |     |  |         |  |     
|_______/    |_______|| _| `._____||_______||__| \__| |__|     |__|         |__|    
                                                                                     
 News and tutorials at http://www.serenity-bdd.info                                  
 Documentation at https://wakaleo.gitbooks.io/the-serenity-book/content/             
 Join the Serenity Community on Gitter: https://gitter.im/serenity-bdd/serenity-core 
 Serenity BDD Support and Training at http://serenity-bdd.info/#/trainingandsupport  
-------------------------------------------------------------------------------------

[main] INFO  - Test Suite Started: Login
]]></system-err>
  </testcase>
</testsuite>